{"meta": {"format": 3, "version": "7.13.1", "timestamp": "2026-01-24T04:47:06.986918", "branch_coverage": false, "show_contexts": false}, "files": {"engine\\orchestration\\__init__.py": {"executed_lines": [], "summary": {"covered_lines": 0, "num_statements": 0, "percent_covered": 100.0, "percent_covered_display": "100", "missing_lines": 0, "excluded_lines": 0, "percent_statements_covered": 100.0, "percent_statements_covered_display": "100"}, "missing_lines": [], "excluded_lines": [], "functions": {"": {"executed_lines": [], "summary": {"covered_lines": 0, "num_statements": 0, "percent_covered": 100.0, "percent_covered_display": "100", "missing_lines": 0, "excluded_lines": 0, "percent_statements_covered": 100.0, "percent_statements_covered_display": "100"}, "missing_lines": [], "excluded_lines": [], "start_line": 1}}, "classes": {"": {"executed_lines": [], "summary": {"covered_lines": 0, "num_statements": 0, "percent_covered": 100.0, "percent_covered_display": "100", "missing_lines": 0, "excluded_lines": 0, "percent_statements_covered": 100.0, "percent_statements_covered_display": "100"}, "missing_lines": [], "excluded_lines": [], "start_line": 1}}}, "engine\\orchestration\\conditions.py": {"executed_lines": [17, 18, 19, 26, 36, 37, 38, 39, 40, 41, 44, 45, 48, 49, 50, 53, 54, 68, 69, 70, 72, 83, 86, 88, 89, 104, 105, 107, 108, 109, 110, 111, 112, 114, 116, 117, 133, 134, 136, 137, 139, 140, 141, 142, 143, 145, 146, 147, 151, 152, 153, 157, 158, 159, 163, 164, 165, 167, 168, 169, 170, 172, 173, 174, 176, 177, 185, 186, 198, 199, 201, 211, 212, 214, 215, 217, 219, 220, 221, 226, 234, 235, 258, 260, 261, 262, 265, 266, 267, 268, 271, 297, 300, 301, 304, 310, 311, 314, 315, 317, 319], "summary": {"covered_lines": 101, "num_statements": 111, "percent_covered": 90.990990990991, "percent_covered_display": "91", "missing_lines": 10, "excluded_lines": 3, "percent_statements_covered": 90.990990990991, "percent_statements_covered_display": "91"}, "missing_lines": [148, 149, 154, 155, 160, 161, 178, 179, 182, 223], "excluded_lines": [21, 22, 23], "functions": {"Condition.evaluate": {"executed_lines": [83, 86], "summary": {"covered_lines": 2, "num_statements": 2, "percent_covered": 100.0, "percent_covered_display": "100", "missing_lines": 0, "excluded_lines": 0, "percent_statements_covered": 100.0, "percent_statements_covered_display": "100"}, "missing_lines": [], "excluded_lines": [], "start_line": 72}, "Condition._resolve_path": {"executed_lines": [104, 105, 107, 108, 109, 110, 111, 112, 114], "summary": {"covered_lines": 9, "num_statements": 9, "percent_covered": 100.0, "percent_covered_display": "100", "missing_lines": 0, "excluded_lines": 0, "percent_statements_covered": 100.0, "percent_statements_covered_display": "100"}, "missing_lines": [], "excluded_lines": [], "start_line": 89}, "Condition._apply_operator": {"executed_lines": [133, 134, 136, 137, 139, 140, 141, 142, 143, 145, 146, 147, 151, 152, 153, 157, 158, 159, 163, 164, 165, 167, 168, 169, 170, 172, 173, 174, 176, 177], "summary": {"covered_lines": 30, "num_statements": 39, "percent_covered": 76.92307692307692, "percent_covered_display": "77", "missing_lines": 9, "excluded_lines": 0, "percent_statements_covered": 76.92307692307692, "percent_statements_covered_display": "77"}, "missing_lines": [148, 149, 154, 155, 160, 161, 178, 179, 182], "excluded_lines": [], "start_line": 117}, "CompositeCondition.evaluate": {"executed_lines": [211, 212, 214, 215, 217, 219, 220, 221], "summary": {"covered_lines": 8, "num_statements": 9, "percent_covered": 88.88888888888889, "percent_covered_display": "89", "missing_lines": 1, "excluded_lines": 0, "percent_statements_covered": 88.88888888888889, "percent_statements_covered_display": "89"}, "missing_lines": [223], "excluded_lines": [], "start_line": 201}, "ConditionParser.parse": {"executed_lines": [258, 260, 261, 262, 265, 266, 267, 268], "summary": {"covered_lines": 8, "num_statements": 8, "percent_covered": 100.0, "percent_covered_display": "100", "missing_lines": 0, "excluded_lines": 0, "percent_statements_covered": 100.0, "percent_statements_covered_display": "100"}, "missing_lines": [], "excluded_lines": [], "start_line": 235}, "build_eval_context": {"executed_lines": [297, 300, 301, 304, 310, 311, 314, 315, 317, 319], "summary": {"covered_lines": 10, "num_statements": 10, "percent_covered": 100.0, "percent_covered_display": "100", "missing_lines": 0, "excluded_lines": 0, "percent_statements_covered": 100.0, "percent_statements_covered_display": "100"}, "missing_lines": [], "excluded_lines": [], "start_line": 271}, "": {"executed_lines": [17, 18, 19, 26, 36, 37, 38, 39, 40, 41, 44, 45, 48, 49, 50, 53, 54, 68, 69, 70, 72, 88, 89, 116, 117, 185, 186, 198, 199, 201, 226, 234, 235, 271], "summary": {"covered_lines": 34, "num_statements": 34, "percent_covered": 100.0, "percent_covered_display": "100", "missing_lines": 0, "excluded_lines": 3, "percent_statements_covered": 100.0, "percent_statements_covered_display": "100"}, "missing_lines": [], "excluded_lines": [21, 22, 23], "start_line": 1}}, "classes": {"Operator": {"executed_lines": [], "summary": {"covered_lines": 0, "num_statements": 0, "percent_covered": 100.0, "percent_covered_display": "100", "missing_lines": 0, "excluded_lines": 0, "percent_statements_covered": 100.0, "percent_statements_covered_display": "100"}, "missing_lines": [], "excluded_lines": [], "start_line": 26}, "Condition": {"executed_lines": [83, 86, 104, 105, 107, 108, 109, 110, 111, 112, 114, 133, 134, 136, 137, 139, 140, 141, 142, 143, 145, 146, 147, 151, 152, 153, 157, 158, 159, 163, 164, 165, 167, 168, 169, 170, 172, 173, 174, 176, 177], "summary": {"covered_lines": 41, "num_statements": 50, "percent_covered": 82.0, "percent_covered_display": "82", "missing_lines": 9, "excluded_lines": 0, "percent_statements_covered": 82.0, "percent_statements_covered_display": "82"}, "missing_lines": [148, 149, 154, 155, 160, 161, 178, 179, 182], "excluded_lines": [], "start_line": 54}, "CompositeCondition": {"executed_lines": [211, 212, 214, 215, 217, 219, 220, 221], "summary": {"covered_lines": 8, "num_statements": 9, "percent_covered": 88.88888888888889, "percent_covered_display": "89", "missing_lines": 1, "excluded_lines": 0, "percent_statements_covered": 88.88888888888889, "percent_statements_covered_display": "89"}, "missing_lines": [223], "excluded_lines": [], "start_line": 186}, "ConditionParser": {"executed_lines": [258, 260, 261, 262, 265, 266, 267, 268], "summary": {"covered_lines": 8, "num_statements": 8, "percent_covered": 100.0, "percent_covered_display": "100", "missing_lines": 0, "excluded_lines": 0, "percent_statements_covered": 100.0, "percent_statements_covered_display": "100"}, "missing_lines": [], "excluded_lines": [], "start_line": 226}, "": {"executed_lines": [17, 18, 19, 26, 36, 37, 38, 39, 40, 41, 44, 45, 48, 49, 50, 53, 54, 68, 69, 70, 72, 88, 89, 116, 117, 185, 186, 198, 199, 201, 226, 234, 235, 271, 297, 300, 301, 304, 310, 311, 314, 315, 317, 319], "summary": {"covered_lines": 44, "num_statements": 44, "percent_covered": 100.0, "percent_covered_display": "100", "missing_lines": 0, "excluded_lines": 3, "percent_statements_covered": 100.0, "percent_statements_covered_display": "100"}, "missing_lines": [], "excluded_lines": [21, 22, 23], "start_line": 1}}}, "engine\\orchestration\\conditions_test.py": {"executed_lines": [13, 14, 21, 22, 25, 28, 30, 31, 32, 33, 34, 35, 37, 39, 40, 42, 44, 45, 46, 49, 52, 54, 55, 56, 58, 60, 61, 62, 64, 66, 67, 68, 70, 72, 73, 74, 75, 77, 79, 80, 81, 82, 84, 86, 87, 88, 89, 91, 93, 94, 95, 96, 98, 100, 101, 102, 104, 106, 107, 108, 110, 112, 117, 118, 119, 122, 125, 127, 128, 130, 132, 133, 135, 137, 138, 140, 142, 143, 145, 147, 150, 152, 154, 157, 159, 161, 162, 164, 166, 167, 170, 173, 175, 176, 178, 180, 183, 184, 186, 188, 189, 190, 192, 194, 195, 197, 199, 201, 202, 203, 206, 209, 211, 212, 213, 214, 216, 218, 219, 220, 221, 223, 225, 226, 227, 228, 230, 232, 233, 234, 235, 237, 239, 240, 241, 242, 244, 247, 254, 261, 262, 263, 266, 269, 271, 272, 273, 274, 275, 276, 278, 280, 287, 288, 289, 290, 292, 294, 307, 308, 309, 310, 313, 316, 318, 322, 326, 329, 330, 331, 333, 335, 336, 340, 342, 343, 344, 346, 348, 349, 353, 356, 357, 358, 359, 361, 363, 364, 368, 369, 371, 372, 375, 378, 380, 382, 384, 386, 388, 390, 392, 396, 398, 400, 401, 402, 405, 406], "summary": {"covered_lines": 208, "num_statements": 208, "percent_covered": 100.0, "percent_covered_display": "100", "missing_lines": 0, "excluded_lines": 0, "percent_statements_covered": 100.0, "percent_statements_covered_display": "100"}, "missing_lines": [], "excluded_lines": [], "functions": {"TestOperator.test_has_comparison_operators": {"executed_lines": [30, 31, 32, 33, 34, 35], "summary": {"covered_lines": 6, "num_statements": 6, "percent_covered": 100.0, "percent_covered_display": "100", "missing_lines": 0, "excluded_lines": 0, "percent_statements_covered": 100.0, "percent_statements_covered_display": "100"}, "missing_lines": [], "excluded_lines": [], "start_line": 28}, "TestOperator.test_has_collection_operators": {"executed_lines": [39, 40], "summary": {"covered_lines": 2, "num_statements": 2, "percent_covered": 100.0, "percent_covered_display": "100", "missing_lines": 0, "excluded_lines": 0, "percent_statements_covered": 100.0, "percent_statements_covered_display": "100"}, "missing_lines": [], "excluded_lines": [], "start_line": 37}, "TestOperator.test_has_logical_operators": {"executed_lines": [44, 45, 46], "summary": {"covered_lines": 3, "num_statements": 3, "percent_covered": 100.0, "percent_covered_display": "100", "missing_lines": 0, "excluded_lines": 0, "percent_statements_covered": 100.0, "percent_statements_covered_display": "100"}, "missing_lines": [], "excluded_lines": [], "start_line": 42}, "TestCondition.test_eq_operator_with_match": {"executed_lines": [54, 55, 56], "summary": {"covered_lines": 3, "num_statements": 3, "percent_covered": 100.0, "percent_covered_display": "100", "missing_lines": 0, "excluded_lines": 0, "percent_statements_covered": 100.0, "percent_statements_covered_display": "100"}, "missing_lines": [], "excluded_lines": [], "start_line": 52}, "TestCondition.test_eq_operator_with_no_match": {"executed_lines": [60, 61, 62], "summary": {"covered_lines": 3, "num_statements": 3, "percent_covered": 100.0, "percent_covered_display": "100", "missing_lines": 0, "excluded_lines": 0, "percent_statements_covered": 100.0, "percent_statements_covered_display": "100"}, "missing_lines": [], "excluded_lines": [], "start_line": 58}, "TestCondition.test_ne_operator": {"executed_lines": [66, 67, 68], "summary": {"covered_lines": 3, "num_statements": 3, "percent_covered": 100.0, "percent_covered_display": "100", "missing_lines": 0, "excluded_lines": 0, "percent_statements_covered": 100.0, "percent_statements_covered_display": "100"}, "missing_lines": [], "excluded_lines": [], "start_line": 64}, "TestCondition.test_gt_operator": {"executed_lines": [72, 73, 74, 75], "summary": {"covered_lines": 4, "num_statements": 4, "percent_covered": 100.0, "percent_covered_display": "100", "missing_lines": 0, "excluded_lines": 0, "percent_statements_covered": 100.0, "percent_statements_covered_display": "100"}, "missing_lines": [], "excluded_lines": [], "start_line": 70}, "TestCondition.test_lt_operator": {"executed_lines": [79, 80, 81, 82], "summary": {"covered_lines": 4, "num_statements": 4, "percent_covered": 100.0, "percent_covered_display": "100", "missing_lines": 0, "excluded_lines": 0, "percent_statements_covered": 100.0, "percent_statements_covered_display": "100"}, "missing_lines": [], "excluded_lines": [], "start_line": 77}, "TestCondition.test_gte_operator": {"executed_lines": [86, 87, 88, 89], "summary": {"covered_lines": 4, "num_statements": 4, "percent_covered": 100.0, "percent_covered_display": "100", "missing_lines": 0, "excluded_lines": 0, "percent_statements_covered": 100.0, "percent_statements_covered_display": "100"}, "missing_lines": [], "excluded_lines": [], "start_line": 84}, "TestCondition.test_lte_operator": {"executed_lines": [93, 94, 95, 96], "summary": {"covered_lines": 4, "num_statements": 4, "percent_covered": 100.0, "percent_covered_display": "100", "missing_lines": 0, "excluded_lines": 0, "percent_statements_covered": 100.0, "percent_statements_covered_display": "100"}, "missing_lines": [], "excluded_lines": [], "start_line": 91}, "TestCondition.test_contains_operator_with_string": {"executed_lines": [100, 101, 102], "summary": {"covered_lines": 3, "num_statements": 3, "percent_covered": 100.0, "percent_covered_display": "100", "missing_lines": 0, "excluded_lines": 0, "percent_statements_covered": 100.0, "percent_statements_covered_display": "100"}, "missing_lines": [], "excluded_lines": [], "start_line": 98}, "TestCondition.test_contains_operator_with_list": {"executed_lines": [106, 107, 108], "summary": {"covered_lines": 3, "num_statements": 3, "percent_covered": 100.0, "percent_covered_display": "100", "missing_lines": 0, "excluded_lines": 0, "percent_statements_covered": 100.0, "percent_statements_covered_display": "100"}, "missing_lines": [], "excluded_lines": [], "start_line": 104}, "TestCondition.test_intersects_operator": {"executed_lines": [112, 117, 118, 119], "summary": {"covered_lines": 4, "num_statements": 4, "percent_covered": 100.0, "percent_covered_display": "100", "missing_lines": 0, "excluded_lines": 0, "percent_statements_covered": 100.0, "percent_statements_covered_display": "100"}, "missing_lines": [], "excluded_lines": [], "start_line": 110}, "TestConditionNoneSafety.test_eq_with_none_field": {"executed_lines": [127, 128], "summary": {"covered_lines": 2, "num_statements": 2, "percent_covered": 100.0, "percent_covered_display": "100", "missing_lines": 0, "excluded_lines": 0, "percent_statements_covered": 100.0, "percent_statements_covered_display": "100"}, "missing_lines": [], "excluded_lines": [], "start_line": 125}, "TestConditionNoneSafety.test_eq_with_none_value_in_context": {"executed_lines": [132, 133], "summary": {"covered_lines": 2, "num_statements": 2, "percent_covered": 100.0, "percent_covered_display": "100", "missing_lines": 0, "excluded_lines": 0, "percent_statements_covered": 100.0, "percent_statements_covered_display": "100"}, "missing_lines": [], "excluded_lines": [], "start_line": 130}, "TestConditionNoneSafety.test_contains_with_none_field": {"executed_lines": [137, 138], "summary": {"covered_lines": 2, "num_statements": 2, "percent_covered": 100.0, "percent_covered_display": "100", "missing_lines": 0, "excluded_lines": 0, "percent_statements_covered": 100.0, "percent_statements_covered_display": "100"}, "missing_lines": [], "excluded_lines": [], "start_line": 135}, "TestConditionNoneSafety.test_contains_with_none_value_in_context": {"executed_lines": [142, 143], "summary": {"covered_lines": 2, "num_statements": 2, "percent_covered": 100.0, "percent_covered_display": "100", "missing_lines": 0, "excluded_lines": 0, "percent_statements_covered": 100.0, "percent_statements_covered_display": "100"}, "missing_lines": [], "excluded_lines": [], "start_line": 140}, "TestConditionNoneSafety.test_intersects_with_none_field": {"executed_lines": [147, 150], "summary": {"covered_lines": 2, "num_statements": 2, "percent_covered": 100.0, "percent_covered_display": "100", "missing_lines": 0, "excluded_lines": 0, "percent_statements_covered": 100.0, "percent_statements_covered_display": "100"}, "missing_lines": [], "excluded_lines": [], "start_line": 145}, "TestConditionNoneSafety.test_intersects_with_none_value_in_context": {"executed_lines": [154, 157], "summary": {"covered_lines": 2, "num_statements": 2, "percent_covered": 100.0, "percent_covered_display": "100", "missing_lines": 0, "excluded_lines": 0, "percent_statements_covered": 100.0, "percent_statements_covered_display": "100"}, "missing_lines": [], "excluded_lines": [], "start_line": 152}, "TestConditionNoneSafety.test_gt_with_none_field": {"executed_lines": [161, 162], "summary": {"covered_lines": 2, "num_statements": 2, "percent_covered": 100.0, "percent_covered_display": "100", "missing_lines": 0, "excluded_lines": 0, "percent_statements_covered": 100.0, "percent_statements_covered_display": "100"}, "missing_lines": [], "excluded_lines": [], "start_line": 159}, "TestConditionNoneSafety.test_comparison_with_none_in_context": {"executed_lines": [166, 167], "summary": {"covered_lines": 2, "num_statements": 2, "percent_covered": 100.0, "percent_covered_display": "100", "missing_lines": 0, "excluded_lines": 0, "percent_statements_covered": 100.0, "percent_statements_covered_display": "100"}, "missing_lines": [], "excluded_lines": [], "start_line": 164}, "TestNestedPathResolution.test_resolve_simple_path": {"executed_lines": [175, 176], "summary": {"covered_lines": 2, "num_statements": 2, "percent_covered": 100.0, "percent_covered_display": "100", "missing_lines": 0, "excluded_lines": 0, "percent_statements_covered": 100.0, "percent_statements_covered_display": "100"}, "missing_lines": [], "excluded_lines": [], "start_line": 173}, "TestNestedPathResolution.test_resolve_nested_path": {"executed_lines": [180, 183, 184], "summary": {"covered_lines": 3, "num_statements": 3, "percent_covered": 100.0, "percent_covered_display": "100", "missing_lines": 0, "excluded_lines": 0, "percent_statements_covered": 100.0, "percent_statements_covered_display": "100"}, "missing_lines": [], "excluded_lines": [], "start_line": 178}, "TestNestedPathResolution.test_resolve_deeply_nested_path": {"executed_lines": [188, 189, 190], "summary": {"covered_lines": 3, "num_statements": 3, "percent_covered": 100.0, "percent_covered_display": "100", "missing_lines": 0, "excluded_lines": 0, "percent_statements_covered": 100.0, "percent_statements_covered_display": "100"}, "missing_lines": [], "excluded_lines": [], "start_line": 186}, "TestNestedPathResolution.test_missing_nested_path_returns_none": {"executed_lines": [194, 195, 197], "summary": {"covered_lines": 3, "num_statements": 3, "percent_covered": 100.0, "percent_covered_display": "100", "missing_lines": 0, "excluded_lines": 0, "percent_statements_covered": 100.0, "percent_statements_covered_display": "100"}, "missing_lines": [], "excluded_lines": [], "start_line": 192}, "TestNestedPathResolution.test_partially_missing_nested_path": {"executed_lines": [201, 202, 203], "summary": {"covered_lines": 3, "num_statements": 3, "percent_covered": 100.0, "percent_covered_display": "100", "missing_lines": 0, "excluded_lines": 0, "percent_statements_covered": 100.0, "percent_statements_covered_display": "100"}, "missing_lines": [], "excluded_lines": [], "start_line": 199}, "TestCompositeCondition.test_and_operator_all_true": {"executed_lines": [211, 212, 213, 214], "summary": {"covered_lines": 4, "num_statements": 4, "percent_covered": 100.0, "percent_covered_display": "100", "missing_lines": 0, "excluded_lines": 0, "percent_statements_covered": 100.0, "percent_statements_covered_display": "100"}, "missing_lines": [], "excluded_lines": [], "start_line": 209}, "TestCompositeCondition.test_and_operator_one_false": {"executed_lines": [218, 219, 220, 221], "summary": {"covered_lines": 4, "num_statements": 4, "percent_covered": 100.0, "percent_covered_display": "100", "missing_lines": 0, "excluded_lines": 0, "percent_statements_covered": 100.0, "percent_statements_covered_display": "100"}, "missing_lines": [], "excluded_lines": [], "start_line": 216}, "TestCompositeCondition.test_or_operator_one_true": {"executed_lines": [225, 226, 227, 228], "summary": {"covered_lines": 4, "num_statements": 4, "percent_covered": 100.0, "percent_covered_display": "100", "missing_lines": 0, "excluded_lines": 0, "percent_statements_covered": 100.0, "percent_statements_covered_display": "100"}, "missing_lines": [], "excluded_lines": [], "start_line": 223}, "TestCompositeCondition.test_or_operator_all_false": {"executed_lines": [232, 233, 234, 235], "summary": {"covered_lines": 4, "num_statements": 4, "percent_covered": 100.0, "percent_covered_display": "100", "missing_lines": 0, "excluded_lines": 0, "percent_statements_covered": 100.0, "percent_statements_covered_display": "100"}, "missing_lines": [], "excluded_lines": [], "start_line": 230}, "TestCompositeCondition.test_not_operator": {"executed_lines": [239, 240, 241, 242], "summary": {"covered_lines": 4, "num_statements": 4, "percent_covered": 100.0, "percent_covered_display": "100", "missing_lines": 0, "excluded_lines": 0, "percent_statements_covered": 100.0, "percent_statements_covered_display": "100"}, "missing_lines": [], "excluded_lines": [], "start_line": 237}, "TestCompositeCondition.test_nested_composite_conditions": {"executed_lines": [247, 254, 261, 262, 263], "summary": {"covered_lines": 5, "num_statements": 5, "percent_covered": 100.0, "percent_covered_display": "100", "missing_lines": 0, "excluded_lines": 0, "percent_statements_covered": 100.0, "percent_statements_covered_display": "100"}, "missing_lines": [], "excluded_lines": [], "start_line": 244}, "TestConditionParser.test_parse_simple_condition": {"executed_lines": [271, 272, 273, 274, 275, 276], "summary": {"covered_lines": 6, "num_statements": 6, "percent_covered": 100.0, "percent_covered_display": "100", "missing_lines": 0, "excluded_lines": 0, "percent_statements_covered": 100.0, "percent_statements_covered_display": "100"}, "missing_lines": [], "excluded_lines": [], "start_line": 269}, "TestConditionParser.test_parse_composite_and": {"executed_lines": [280, 287, 288, 289, 290], "summary": {"covered_lines": 5, "num_statements": 5, "percent_covered": 100.0, "percent_covered_display": "100", "missing_lines": 0, "excluded_lines": 0, "percent_statements_covered": 100.0, "percent_statements_covered_display": "100"}, "missing_lines": [], "excluded_lines": [], "start_line": 278}, "TestConditionParser.test_parse_nested_composite": {"executed_lines": [294, 307, 308, 309, 310], "summary": {"covered_lines": 5, "num_statements": 5, "percent_covered": 100.0, "percent_covered_display": "100", "missing_lines": 0, "excluded_lines": 0, "percent_statements_covered": 100.0, "percent_statements_covered_display": "100"}, "missing_lines": [], "excluded_lines": [], "start_line": 292}, "TestBuildEvalContext.test_build_context_includes_request_fields": {"executed_lines": [318, 322, 326, 329, 330, 331], "summary": {"covered_lines": 6, "num_statements": 6, "percent_covered": 100.0, "percent_covered_display": "100", "missing_lines": 0, "excluded_lines": 0, "percent_statements_covered": 100.0, "percent_statements_covered_display": "100"}, "missing_lines": [], "excluded_lines": [], "start_line": 316}, "TestBuildEvalContext.test_build_context_includes_query_features": {"executed_lines": [335, 336, 340, 342, 343, 344], "summary": {"covered_lines": 6, "num_statements": 6, "percent_covered": 100.0, "percent_covered_display": "100", "missing_lines": 0, "excluded_lines": 0, "percent_statements_covered": 100.0, "percent_statements_covered_display": "100"}, "missing_lines": [], "excluded_lines": [], "start_line": 333}, "TestBuildEvalContext.test_build_context_includes_precomputed_booleans": {"executed_lines": [348, 349, 353, 356, 357, 358, 359], "summary": {"covered_lines": 7, "num_statements": 7, "percent_covered": 100.0, "percent_covered_display": "100", "missing_lines": 0, "excluded_lines": 0, "percent_statements_covered": 100.0, "percent_statements_covered_display": "100"}, "missing_lines": [], "excluded_lines": [], "start_line": 346}, "TestBuildEvalContext.test_build_context_includes_execution_context": {"executed_lines": [363, 364, 368, 369, 371, 372], "summary": {"covered_lines": 6, "num_statements": 6, "percent_covered": 100.0, "percent_covered_display": "100", "missing_lines": 0, "excluded_lines": 0, "percent_statements_covered": 100.0, "percent_statements_covered_display": "100"}, "missing_lines": [], "excluded_lines": [], "start_line": 361}, "TestErrorHandling.test_comparison_with_incomparable_types": {"executed_lines": [380, 382], "summary": {"covered_lines": 2, "num_statements": 2, "percent_covered": 100.0, "percent_covered_display": "100", "missing_lines": 0, "excluded_lines": 0, "percent_statements_covered": 100.0, "percent_statements_covered_display": "100"}, "missing_lines": [], "excluded_lines": [], "start_line": 378}, "TestErrorHandling.test_contains_with_incomparable_types": {"executed_lines": [386, 388], "summary": {"covered_lines": 2, "num_statements": 2, "percent_covered": 100.0, "percent_covered_display": "100", "missing_lines": 0, "excluded_lines": 0, "percent_statements_covered": 100.0, "percent_statements_covered_display": "100"}, "missing_lines": [], "excluded_lines": [], "start_line": 384}, "TestErrorHandling.test_intersects_with_incomparable_types": {"executed_lines": [392, 396], "summary": {"covered_lines": 2, "num_statements": 2, "percent_covered": 100.0, "percent_covered_display": "100", "missing_lines": 0, "excluded_lines": 0, "percent_statements_covered": 100.0, "percent_statements_covered_display": "100"}, "missing_lines": [], "excluded_lines": [], "start_line": 390}, "TestErrorHandling.test_composite_not_with_multiple_conditions_raises": {"executed_lines": [400, 401, 402, 405, 406], "summary": {"covered_lines": 5, "num_statements": 5, "percent_covered": 100.0, "percent_covered_display": "100", "missing_lines": 0, "excluded_lines": 0, "percent_statements_covered": 100.0, "percent_statements_covered_display": "100"}, "missing_lines": [], "excluded_lines": [], "start_line": 398}, "": {"executed_lines": [13, 14, 21, 22, 25, 28, 37, 42, 49, 52, 58, 64, 70, 77, 84, 91, 98, 104, 110, 122, 125, 130, 135, 140, 145, 152, 159, 164, 170, 173, 178, 186, 192, 199, 206, 209, 216, 223, 230, 237, 244, 266, 269, 278, 292, 313, 316, 333, 346, 361, 375, 378, 384, 390, 398], "summary": {"covered_lines": 55, "num_statements": 55, "percent_covered": 100.0, "percent_covered_display": "100", "missing_lines": 0, "excluded_lines": 0, "percent_statements_covered": 100.0, "percent_statements_covered_display": "100"}, "missing_lines": [], "excluded_lines": [], "start_line": 1}}, "classes": {"TestOperator": {"executed_lines": [30, 31, 32, 33, 34, 35, 39, 40, 44, 45, 46], "summary": {"covered_lines": 11, "num_statements": 11, "percent_covered": 100.0, "percent_covered_display": "100", "missing_lines": 0, "excluded_lines": 0, "percent_statements_covered": 100.0, "percent_statements_covered_display": "100"}, "missing_lines": [], "excluded_lines": [], "start_line": 25}, "TestCondition": {"executed_lines": [54, 55, 56, 60, 61, 62, 66, 67, 68, 72, 73, 74, 75, 79, 80, 81, 82, 86, 87, 88, 89, 93, 94, 95, 96, 100, 101, 102, 106, 107, 108, 112, 117, 118, 119], "summary": {"covered_lines": 35, "num_statements": 35, "percent_covered": 100.0, "percent_covered_display": "100", "missing_lines": 0, "excluded_lines": 0, "percent_statements_covered": 100.0, "percent_statements_covered_display": "100"}, "missing_lines": [], "excluded_lines": [], "start_line": 49}, "TestConditionNoneSafety": {"executed_lines": [127, 128, 132, 133, 137, 138, 142, 143, 147, 150, 154, 157, 161, 162, 166, 167], "summary": {"covered_lines": 16, "num_statements": 16, "percent_covered": 100.0, "percent_covered_display": "100", "missing_lines": 0, "excluded_lines": 0, "percent_statements_covered": 100.0, "percent_statements_covered_display": "100"}, "missing_lines": [], "excluded_lines": [], "start_line": 122}, "TestNestedPathResolution": {"executed_lines": [175, 176, 180, 183, 184, 188, 189, 190, 194, 195, 197, 201, 202, 203], "summary": {"covered_lines": 14, "num_statements": 14, "percent_covered": 100.0, "percent_covered_display": "100", "missing_lines": 0, "excluded_lines": 0, "percent_statements_covered": 100.0, "percent_statements_covered_display": "100"}, "missing_lines": [], "excluded_lines": [], "start_line": 170}, "TestCompositeCondition": {"executed_lines": [211, 212, 213, 214, 218, 219, 220, 221, 225, 226, 227, 228, 232, 233, 234, 235, 239, 240, 241, 242, 247, 254, 261, 262, 263], "summary": {"covered_lines": 25, "num_statements": 25, "percent_covered": 100.0, "percent_covered_display": "100", "missing_lines": 0, "excluded_lines": 0, "percent_statements_covered": 100.0, "percent_statements_covered_display": "100"}, "missing_lines": [], "excluded_lines": [], "start_line": 206}, "TestConditionParser": {"executed_lines": [271, 272, 273, 274, 275, 276, 280, 287, 288, 289, 290, 294, 307, 308, 309, 310], "summary": {"covered_lines": 16, "num_statements": 16, "percent_covered": 100.0, "percent_covered_display": "100", "missing_lines": 0, "excluded_lines": 0, "percent_statements_covered": 100.0, "percent_statements_covered_display": "100"}, "missing_lines": [], "excluded_lines": [], "start_line": 266}, "TestBuildEvalContext": {"executed_lines": [318, 322, 326, 329, 330, 331, 335, 336, 340, 342, 343, 344, 348, 349, 353, 356, 357, 358, 359, 363, 364, 368, 369, 371, 372], "summary": {"covered_lines": 25, "num_statements": 25, "percent_covered": 100.0, "percent_covered_display": "100", "missing_lines": 0, "excluded_lines": 0, "percent_statements_covered": 100.0, "percent_statements_covered_display": "100"}, "missing_lines": [], "excluded_lines": [], "start_line": 313}, "TestErrorHandling": {"executed_lines": [380, 382, 386, 388, 392, 396, 400, 401, 402, 405, 406], "summary": {"covered_lines": 11, "num_statements": 11, "percent_covered": 100.0, "percent_covered_display": "100", "missing_lines": 0, "excluded_lines": 0, "percent_statements_covered": 100.0, "percent_statements_covered_display": "100"}, "missing_lines": [], "excluded_lines": [], "start_line": 375}, "": {"executed_lines": [13, 14, 21, 22, 25, 28, 37, 42, 49, 52, 58, 64, 70, 77, 84, 91, 98, 104, 110, 122, 125, 130, 135, 140, 145, 152, 159, 164, 170, 173, 178, 186, 192, 199, 206, 209, 216, 223, 230, 237, 244, 266, 269, 278, 292, 313, 316, 333, 346, 361, 375, 378, 384, 390, 398], "summary": {"covered_lines": 55, "num_statements": 55, "percent_covered": 100.0, "percent_covered_display": "100", "missing_lines": 0, "excluded_lines": 0, "percent_statements_covered": 100.0, "percent_statements_covered_display": "100"}, "missing_lines": [], "excluded_lines": [], "start_line": 1}}}, "engine\\orchestration\\execution_context.py": {"executed_lines": [15, 16, 17, 18, 21, 38, 40, 41, 42, 43, 44, 45, 46, 48, 62, 63, 64, 66, 82, 83, 85, 87, 89, 90, 91, 92, 93, 96, 97, 98, 101, 102, 104, 105, 106, 110, 111, 112, 113, 114, 116, 119, 120, 121, 123, 142, 145, 146, 149, 150, 151], "summary": {"covered_lines": 51, "num_statements": 51, "percent_covered": 100.0, "percent_covered_display": "100", "missing_lines": 0, "excluded_lines": 0, "percent_statements_covered": 100.0, "percent_statements_covered_display": "100"}, "missing_lines": [], "excluded_lines": [], "functions": {"ExecutionContext.__init__": {"executed_lines": [40, 41, 42, 43, 44, 45, 46], "summary": {"covered_lines": 7, "num_statements": 7, "percent_covered": 100.0, "percent_covered_display": "100", "missing_lines": 0, "excluded_lines": 0, "percent_statements_covered": 100.0, "percent_statements_covered_display": "100"}, "missing_lines": [], "excluded_lines": [], "start_line": 38}, "ExecutionContext._normalize_name": {"executed_lines": [62, 63, 64], "summary": {"covered_lines": 3, "num_statements": 3, "percent_covered": 100.0, "percent_covered_display": "100", "missing_lines": 0, "excluded_lines": 0, "percent_statements_covered": 100.0, "percent_statements_covered_display": "100"}, "missing_lines": [], "excluded_lines": [], "start_line": 48}, "ExecutionContext._generate_entity_key": {"executed_lines": [82, 83, 85, 87, 89, 90, 91, 92, 93, 96, 97, 98, 101, 102, 104, 105, 106, 110, 111, 112, 113, 114, 116, 119, 120, 121], "summary": {"covered_lines": 26, "num_statements": 26, "percent_covered": 100.0, "percent_covered_display": "100", "missing_lines": 0, "excluded_lines": 0, "percent_statements_covered": 100.0, "percent_statements_covered_display": "100"}, "missing_lines": [], "excluded_lines": [], "start_line": 66}, "ExecutionContext.accept_entity": {"executed_lines": [142, 145, 146, 149, 150, 151], "summary": {"covered_lines": 6, "num_statements": 6, "percent_covered": 100.0, "percent_covered_display": "100", "missing_lines": 0, "excluded_lines": 0, "percent_statements_covered": 100.0, "percent_statements_covered_display": "100"}, "missing_lines": [], "excluded_lines": [], "start_line": 123}, "": {"executed_lines": [15, 16, 17, 18, 21, 38, 48, 66, 123], "summary": {"covered_lines": 9, "num_statements": 9, "percent_covered": 100.0, "percent_covered_display": "100", "missing_lines": 0, "excluded_lines": 0, "percent_statements_covered": 100.0, "percent_statements_covered_display": "100"}, "missing_lines": [], "excluded_lines": [], "start_line": 1}}, "classes": {"ExecutionContext": {"executed_lines": [40, 41, 42, 43, 44, 45, 46, 62, 63, 64, 82, 83, 85, 87, 89, 90, 91, 92, 93, 96, 97, 98, 101, 102, 104, 105, 106, 110, 111, 112, 113, 114, 116, 119, 120, 121, 142, 145, 146, 149, 150, 151], "summary": {"covered_lines": 42, "num_statements": 42, "percent_covered": 100.0, "percent_covered_display": "100", "missing_lines": 0, "excluded_lines": 0, "percent_statements_covered": 100.0, "percent_statements_covered_display": "100"}, "missing_lines": [], "excluded_lines": [], "start_line": 21}, "": {"executed_lines": [15, 16, 17, 18, 21, 38, 48, 66, 123], "summary": {"covered_lines": 9, "num_statements": 9, "percent_covered": 100.0, "percent_covered_display": "100", "missing_lines": 0, "excluded_lines": 0, "percent_statements_covered": 100.0, "percent_statements_covered_display": "100"}, "missing_lines": [], "excluded_lines": [], "start_line": 1}}}, "engine\\orchestration\\execution_context_test.py": {"executed_lines": [13, 14, 15, 18, 21, 23, 25, 26, 27, 28, 29, 31, 33, 34, 36, 38, 39, 41, 43, 44, 46, 48, 49, 51, 53, 54, 56, 58, 61, 62, 64, 65, 68, 69, 72, 73, 75, 76, 78, 80, 81, 83, 84, 86, 87, 88, 89, 92, 95, 97, 98, 99, 101, 103, 104, 105, 107, 109, 110, 111, 113, 115, 116, 119, 122, 124, 125, 126, 127, 129, 131, 132, 133, 134, 136, 138, 139, 144, 145, 147, 149, 150, 151, 152, 153, 156, 159, 161, 162, 167, 169, 171, 173, 174, 179, 180, 182, 184, 185, 190, 191, 193, 195, 196, 202, 203, 205, 207, 208, 214, 215, 218, 221, 223, 224, 225, 227, 228, 230, 232, 233, 234, 235, 236, 237, 239, 241, 242, 243, 244, 245, 246, 248, 250, 251, 252, 253, 254, 255, 258, 261, 263, 264, 265, 266, 267, 268, 269, 270, 272, 274, 275, 276, 277, 278, 279, 281, 283, 284, 285, 286, 287, 289, 291, 292, 293, 294, 296, 298, 299, 300, 302, 303, 305, 306, 307, 308, 310, 312, 313, 314, 316, 317, 319, 320, 322, 324, 325, 326, 327, 329, 330, 331, 333, 334, 335, 336, 337], "summary": {"covered_lines": 198, "num_statements": 198, "percent_covered": 100.0, "percent_covered_display": "100", "missing_lines": 0, "excluded_lines": 0, "percent_statements_covered": 100.0, "percent_statements_covered_display": "100"}, "missing_lines": [], "excluded_lines": [], "functions": {"TestExecutionContextStructure.test_initialization_creates_empty_containers": {"executed_lines": [23, 25, 26, 27, 28, 29], "summary": {"covered_lines": 6, "num_statements": 6, "percent_covered": 100.0, "percent_covered_display": "100", "missing_lines": 0, "excluded_lines": 0, "percent_statements_covered": 100.0, "percent_statements_covered_display": "100"}, "missing_lines": [], "excluded_lines": [], "start_line": 21}, "TestExecutionContextStructure.test_candidates_is_list": {"executed_lines": [33, 34], "summary": {"covered_lines": 2, "num_statements": 2, "percent_covered": 100.0, "percent_covered_display": "100", "missing_lines": 0, "excluded_lines": 0, "percent_statements_covered": 100.0, "percent_statements_covered_display": "100"}, "missing_lines": [], "excluded_lines": [], "start_line": 31}, "TestExecutionContextStructure.test_accepted_entities_is_list": {"executed_lines": [38, 39], "summary": {"covered_lines": 2, "num_statements": 2, "percent_covered": 100.0, "percent_covered_display": "100", "missing_lines": 0, "excluded_lines": 0, "percent_statements_covered": 100.0, "percent_statements_covered_display": "100"}, "missing_lines": [], "excluded_lines": [], "start_line": 36}, "TestExecutionContextStructure.test_accepted_entity_keys_is_set": {"executed_lines": [43, 44], "summary": {"covered_lines": 2, "num_statements": 2, "percent_covered": 100.0, "percent_covered_display": "100", "missing_lines": 0, "excluded_lines": 0, "percent_statements_covered": 100.0, "percent_statements_covered_display": "100"}, "missing_lines": [], "excluded_lines": [], "start_line": 41}, "TestExecutionContextStructure.test_evidence_is_dict": {"executed_lines": [48, 49], "summary": {"covered_lines": 2, "num_statements": 2, "percent_covered": 100.0, "percent_covered_display": "100", "missing_lines": 0, "excluded_lines": 0, "percent_statements_covered": 100.0, "percent_statements_covered_display": "100"}, "missing_lines": [], "excluded_lines": [], "start_line": 46}, "TestExecutionContextStructure.test_seeds_is_dict": {"executed_lines": [53, 54], "summary": {"covered_lines": 2, "num_statements": 2, "percent_covered": 100.0, "percent_covered_display": "100", "missing_lines": 0, "excluded_lines": 0, "percent_statements_covered": 100.0, "percent_statements_covered_display": "100"}, "missing_lines": [], "excluded_lines": [], "start_line": 51}, "TestExecutionContextStructure.test_containers_are_mutable": {"executed_lines": [58, 61, 62, 64, 65, 68, 69, 72, 73, 75, 76], "summary": {"covered_lines": 11, "num_statements": 11, "percent_covered": 100.0, "percent_covered_display": "100", "missing_lines": 0, "excluded_lines": 0, "percent_statements_covered": 100.0, "percent_statements_covered_display": "100"}, "missing_lines": [], "excluded_lines": [], "start_line": 56}, "TestExecutionContextStructure.test_multiple_contexts_are_independent": {"executed_lines": [80, 81, 83, 84, 86, 87, 88, 89], "summary": {"covered_lines": 8, "num_statements": 8, "percent_covered": 100.0, "percent_covered_display": "100", "missing_lines": 0, "excluded_lines": 0, "percent_statements_covered": 100.0, "percent_statements_covered_display": "100"}, "missing_lines": [], "excluded_lines": [], "start_line": 78}, "TestNameNormalization.test_normalize_name_casefold": {"executed_lines": [97, 98, 99], "summary": {"covered_lines": 3, "num_statements": 3, "percent_covered": 100.0, "percent_covered_display": "100", "missing_lines": 0, "excluded_lines": 0, "percent_statements_covered": 100.0, "percent_statements_covered_display": "100"}, "missing_lines": [], "excluded_lines": [], "start_line": 95}, "TestNameNormalization.test_normalize_name_strips_whitespace": {"executed_lines": [103, 104, 105], "summary": {"covered_lines": 3, "num_statements": 3, "percent_covered": 100.0, "percent_covered_display": "100", "missing_lines": 0, "excluded_lines": 0, "percent_statements_covered": 100.0, "percent_statements_covered_display": "100"}, "missing_lines": [], "excluded_lines": [], "start_line": 101}, "TestNameNormalization.test_normalize_name_collapses_whitespace": {"executed_lines": [109, 110, 111], "summary": {"covered_lines": 3, "num_statements": 3, "percent_covered": 100.0, "percent_covered_display": "100", "missing_lines": 0, "excluded_lines": 0, "percent_statements_covered": 100.0, "percent_statements_covered_display": "100"}, "missing_lines": [], "excluded_lines": [], "start_line": 107}, "TestNameNormalization.test_normalize_name_combined": {"executed_lines": [115, 116], "summary": {"covered_lines": 2, "num_statements": 2, "percent_covered": 100.0, "percent_covered_display": "100", "missing_lines": 0, "excluded_lines": 0, "percent_statements_covered": 100.0, "percent_statements_covered_display": "100"}, "missing_lines": [], "excluded_lines": [], "start_line": 113}, "TestStrongIDKeyGeneration.test_generate_key_with_google_id": {"executed_lines": [124, 125, 126, 127], "summary": {"covered_lines": 4, "num_statements": 4, "percent_covered": 100.0, "percent_covered_display": "100", "missing_lines": 0, "excluded_lines": 0, "percent_statements_covered": 100.0, "percent_statements_covered_display": "100"}, "missing_lines": [], "excluded_lines": [], "start_line": 122}, "TestStrongIDKeyGeneration.test_generate_key_with_osm_id": {"executed_lines": [131, 132, 133, 134], "summary": {"covered_lines": 4, "num_statements": 4, "percent_covered": 100.0, "percent_covered_display": "100", "missing_lines": 0, "excluded_lines": 0, "percent_statements_covered": 100.0, "percent_statements_covered_display": "100"}, "missing_lines": [], "excluded_lines": [], "start_line": 129}, "TestStrongIDKeyGeneration.test_generate_key_prioritizes_ids_lexicographically": {"executed_lines": [138, 139, 144, 145], "summary": {"covered_lines": 4, "num_statements": 4, "percent_covered": 100.0, "percent_covered_display": "100", "missing_lines": 0, "excluded_lines": 0, "percent_statements_covered": 100.0, "percent_statements_covered_display": "100"}, "missing_lines": [], "excluded_lines": [], "start_line": 136}, "TestStrongIDKeyGeneration.test_generate_key_from_seeds": {"executed_lines": [149, 150, 151, 152, 153], "summary": {"covered_lines": 5, "num_statements": 5, "percent_covered": 100.0, "percent_covered_display": "100", "missing_lines": 0, "excluded_lines": 0, "percent_statements_covered": 100.0, "percent_statements_covered_display": "100"}, "missing_lines": [], "excluded_lines": [], "start_line": 147}, "TestGeoKeyGeneration.test_generate_key_with_geo_coordinates": {"executed_lines": [161, 162, 167, 169], "summary": {"covered_lines": 4, "num_statements": 4, "percent_covered": 100.0, "percent_covered_display": "100", "missing_lines": 0, "excluded_lines": 0, "percent_statements_covered": 100.0, "percent_statements_covered_display": "100"}, "missing_lines": [], "excluded_lines": [], "start_line": 159}, "TestGeoKeyGeneration.test_generate_key_geo_rounds_to_4_decimals": {"executed_lines": [173, 174, 179, 180], "summary": {"covered_lines": 4, "num_statements": 4, "percent_covered": 100.0, "percent_covered_display": "100", "missing_lines": 0, "excluded_lines": 0, "percent_statements_covered": 100.0, "percent_statements_covered_display": "100"}, "missing_lines": [], "excluded_lines": [], "start_line": 171}, "TestGeoKeyGeneration.test_generate_key_geo_handles_zero_coordinates": {"executed_lines": [184, 185, 190, 191], "summary": {"covered_lines": 4, "num_statements": 4, "percent_covered": 100.0, "percent_covered_display": "100", "missing_lines": 0, "excluded_lines": 0, "percent_statements_covered": 100.0, "percent_statements_covered_display": "100"}, "missing_lines": [], "excluded_lines": [], "start_line": 182}, "TestGeoKeyGeneration.test_generate_key_geo_skips_if_lat_is_none": {"executed_lines": [195, 196, 202, 203], "summary": {"covered_lines": 4, "num_statements": 4, "percent_covered": 100.0, "percent_covered_display": "100", "missing_lines": 0, "excluded_lines": 0, "percent_statements_covered": 100.0, "percent_statements_covered_display": "100"}, "missing_lines": [], "excluded_lines": [], "start_line": 193}, "TestGeoKeyGeneration.test_generate_key_geo_skips_if_lng_is_none": {"executed_lines": [207, 208, 214, 215], "summary": {"covered_lines": 4, "num_statements": 4, "percent_covered": 100.0, "percent_covered_display": "100", "missing_lines": 0, "excluded_lines": 0, "percent_statements_covered": 100.0, "percent_statements_covered_display": "100"}, "missing_lines": [], "excluded_lines": [], "start_line": 205}, "TestHashKeyGeneration.test_generate_key_with_hash_fallback": {"executed_lines": [223, 224, 225, 227, 228], "summary": {"covered_lines": 5, "num_statements": 5, "percent_covered": 100.0, "percent_covered_display": "100", "missing_lines": 0, "excluded_lines": 0, "percent_statements_covered": 100.0, "percent_statements_covered_display": "100"}, "missing_lines": [], "excluded_lines": [], "start_line": 221}, "TestHashKeyGeneration.test_generate_key_hash_is_stable": {"executed_lines": [232, 233, 234, 235, 236, 237], "summary": {"covered_lines": 6, "num_statements": 6, "percent_covered": 100.0, "percent_covered_display": "100", "missing_lines": 0, "excluded_lines": 0, "percent_statements_covered": 100.0, "percent_statements_covered_display": "100"}, "missing_lines": [], "excluded_lines": [], "start_line": 230}, "TestHashKeyGeneration.test_generate_key_hash_sorts_keys_alphabetically": {"executed_lines": [241, 242, 243, 244, 245, 246], "summary": {"covered_lines": 6, "num_statements": 6, "percent_covered": 100.0, "percent_covered_display": "100", "missing_lines": 0, "excluded_lines": 0, "percent_statements_covered": 100.0, "percent_statements_covered_display": "100"}, "missing_lines": [], "excluded_lines": [], "start_line": 239}, "TestHashKeyGeneration.test_generate_key_hash_normalizes_string_values": {"executed_lines": [250, 251, 252, 253, 254, 255], "summary": {"covered_lines": 6, "num_statements": 6, "percent_covered": 100.0, "percent_covered_display": "100", "missing_lines": 0, "excluded_lines": 0, "percent_statements_covered": 100.0, "percent_statements_covered_display": "100"}, "missing_lines": [], "excluded_lines": [], "start_line": 248}, "TestAcceptEntity.test_accept_entity_returns_tuple": {"executed_lines": [263, 264, 265, 266, 267, 268, 269, 270], "summary": {"covered_lines": 8, "num_statements": 8, "percent_covered": 100.0, "percent_covered_display": "100", "missing_lines": 0, "excluded_lines": 0, "percent_statements_covered": 100.0, "percent_statements_covered_display": "100"}, "missing_lines": [], "excluded_lines": [], "start_line": 261}, "TestAcceptEntity.test_accept_entity_first_acceptance": {"executed_lines": [274, 275, 276, 277, 278, 279], "summary": {"covered_lines": 6, "num_statements": 6, "percent_covered": 100.0, "percent_covered_display": "100", "missing_lines": 0, "excluded_lines": 0, "percent_statements_covered": 100.0, "percent_statements_covered_display": "100"}, "missing_lines": [], "excluded_lines": [], "start_line": 272}, "TestAcceptEntity.test_accept_entity_updates_accepted_entities": {"executed_lines": [283, 284, 285, 286, 287], "summary": {"covered_lines": 5, "num_statements": 5, "percent_covered": 100.0, "percent_covered_display": "100", "missing_lines": 0, "excluded_lines": 0, "percent_statements_covered": 100.0, "percent_statements_covered_display": "100"}, "missing_lines": [], "excluded_lines": [], "start_line": 281}, "TestAcceptEntity.test_accept_entity_updates_accepted_entity_keys": {"executed_lines": [291, 292, 293, 294], "summary": {"covered_lines": 4, "num_statements": 4, "percent_covered": 100.0, "percent_covered_display": "100", "missing_lines": 0, "excluded_lines": 0, "percent_statements_covered": 100.0, "percent_statements_covered_display": "100"}, "missing_lines": [], "excluded_lines": [], "start_line": 289}, "TestAcceptEntity.test_accept_entity_rejects_duplicate": {"executed_lines": [298, 299, 300, 302, 303, 305, 306, 307, 308], "summary": {"covered_lines": 9, "num_statements": 9, "percent_covered": 100.0, "percent_covered_display": "100", "missing_lines": 0, "excluded_lines": 0, "percent_statements_covered": 100.0, "percent_statements_covered_display": "100"}, "missing_lines": [], "excluded_lines": [], "start_line": 296}, "TestAcceptEntity.test_accept_entity_duplicate_maintains_stable_count": {"executed_lines": [312, 313, 314, 316, 317, 319, 320], "summary": {"covered_lines": 7, "num_statements": 7, "percent_covered": 100.0, "percent_covered_display": "100", "missing_lines": 0, "excluded_lines": 0, "percent_statements_covered": 100.0, "percent_statements_covered_display": "100"}, "missing_lines": [], "excluded_lines": [], "start_line": 310}, "TestAcceptEntity.test_accept_entity_multiple_unique_entities": {"executed_lines": [324, 325, 326, 327, 329, 330, 331, 333, 334, 335, 336, 337], "summary": {"covered_lines": 12, "num_statements": 12, "percent_covered": 100.0, "percent_covered_display": "100", "missing_lines": 0, "excluded_lines": 0, "percent_statements_covered": 100.0, "percent_statements_covered_display": "100"}, "missing_lines": [], "excluded_lines": [], "start_line": 322}, "": {"executed_lines": [13, 14, 15, 18, 21, 31, 36, 41, 46, 51, 56, 78, 92, 95, 101, 107, 113, 119, 122, 129, 136, 147, 156, 159, 171, 182, 193, 205, 218, 221, 230, 239, 248, 258, 261, 272, 281, 289, 296, 310, 322], "summary": {"covered_lines": 41, "num_statements": 41, "percent_covered": 100.0, "percent_covered_display": "100", "missing_lines": 0, "excluded_lines": 0, "percent_statements_covered": 100.0, "percent_statements_covered_display": "100"}, "missing_lines": [], "excluded_lines": [], "start_line": 1}}, "classes": {"TestExecutionContextStructure": {"executed_lines": [23, 25, 26, 27, 28, 29, 33, 34, 38, 39, 43, 44, 48, 49, 53, 54, 58, 61, 62, 64, 65, 68, 69, 72, 73, 75, 76, 80, 81, 83, 84, 86, 87, 88, 89], "summary": {"covered_lines": 35, "num_statements": 35, "percent_covered": 100.0, "percent_covered_display": "100", "missing_lines": 0, "excluded_lines": 0, "percent_statements_covered": 100.0, "percent_statements_covered_display": "100"}, "missing_lines": [], "excluded_lines": [], "start_line": 18}, "TestNameNormalization": {"executed_lines": [97, 98, 99, 103, 104, 105, 109, 110, 111, 115, 116], "summary": {"covered_lines": 11, "num_statements": 11, "percent_covered": 100.0, "percent_covered_display": "100", "missing_lines": 0, "excluded_lines": 0, "percent_statements_covered": 100.0, "percent_statements_covered_display": "100"}, "missing_lines": [], "excluded_lines": [], "start_line": 92}, "TestStrongIDKeyGeneration": {"executed_lines": [124, 125, 126, 127, 131, 132, 133, 134, 138, 139, 144, 145, 149, 150, 151, 152, 153], "summary": {"covered_lines": 17, "num_statements": 17, "percent_covered": 100.0, "percent_covered_display": "100", "missing_lines": 0, "excluded_lines": 0, "percent_statements_covered": 100.0, "percent_statements_covered_display": "100"}, "missing_lines": [], "excluded_lines": [], "start_line": 119}, "TestGeoKeyGeneration": {"executed_lines": [161, 162, 167, 169, 173, 174, 179, 180, 184, 185, 190, 191, 195, 196, 202, 203, 207, 208, 214, 215], "summary": {"covered_lines": 20, "num_statements": 20, "percent_covered": 100.0, "percent_covered_display": "100", "missing_lines": 0, "excluded_lines": 0, "percent_statements_covered": 100.0, "percent_statements_covered_display": "100"}, "missing_lines": [], "excluded_lines": [], "start_line": 156}, "TestHashKeyGeneration": {"executed_lines": [223, 224, 225, 227, 228, 232, 233, 234, 235, 236, 237, 241, 242, 243, 244, 245, 246, 250, 251, 252, 253, 254, 255], "summary": {"covered_lines": 23, "num_statements": 23, "percent_covered": 100.0, "percent_covered_display": "100", "missing_lines": 0, "excluded_lines": 0, "percent_statements_covered": 100.0, "percent_statements_covered_display": "100"}, "missing_lines": [], "excluded_lines": [], "start_line": 218}, "TestAcceptEntity": {"executed_lines": [263, 264, 265, 266, 267, 268, 269, 270, 274, 275, 276, 277, 278, 279, 283, 284, 285, 286, 287, 291, 292, 293, 294, 298, 299, 300, 302, 303, 305, 306, 307, 308, 312, 313, 314, 316, 317, 319, 320, 324, 325, 326, 327, 329, 330, 331, 333, 334, 335, 336, 337], "summary": {"covered_lines": 51, "num_statements": 51, "percent_covered": 100.0, "percent_covered_display": "100", "missing_lines": 0, "excluded_lines": 0, "percent_statements_covered": 100.0, "percent_statements_covered_display": "100"}, "missing_lines": [], "excluded_lines": [], "start_line": 258}, "": {"executed_lines": [13, 14, 15, 18, 21, 31, 36, 41, 46, 51, 56, 78, 92, 95, 101, 107, 113, 119, 122, 129, 136, 147, 156, 159, 171, 182, 193, 205, 218, 221, 230, 239, 248, 258, 261, 272, 281, 289, 296, 310, 322], "summary": {"covered_lines": 41, "num_statements": 41, "percent_covered": 100.0, "percent_covered_display": "100", "missing_lines": 0, "excluded_lines": 0, "percent_statements_covered": 100.0, "percent_statements_covered_display": "100"}, "missing_lines": [], "excluded_lines": [], "start_line": 1}}}, "engine\\orchestration\\execution_plan.py": {"executed_lines": [15, 16, 17, 23, 35, 36, 37, 40, 41, 64, 65, 66, 67, 68, 69, 70, 73, 74, 87, 88, 91, 109, 111, 113, 124, 127, 128, 130, 144, 147, 149, 150, 153, 154, 155, 157, 158, 160, 162, 178, 182, 183, 187, 196, 198, 221, 226, 227, 230, 231, 234, 235, 238, 240, 243, 244, 247, 248, 251], "summary": {"covered_lines": 59, "num_statements": 59, "percent_covered": 100.0, "percent_covered_display": "100", "missing_lines": 0, "excluded_lines": 2, "percent_statements_covered": 100.0, "percent_statements_covered_display": "100"}, "missing_lines": [], "excluded_lines": [19, 20], "functions": {"ExecutionPlan.__init__": {"executed_lines": [111], "summary": {"covered_lines": 1, "num_statements": 1, "percent_covered": 100.0, "percent_covered_display": "100", "missing_lines": 0, "excluded_lines": 0, "percent_statements_covered": 100.0, "percent_statements_covered_display": "100"}, "missing_lines": [], "excluded_lines": [], "start_line": 109}, "ExecutionPlan.add_connector": {"executed_lines": [124, 127, 128], "summary": {"covered_lines": 3, "num_statements": 3, "percent_covered": 100.0, "percent_covered_display": "100", "missing_lines": 0, "excluded_lines": 0, "percent_statements_covered": 100.0, "percent_statements_covered_display": "100"}, "missing_lines": [], "excluded_lines": [], "start_line": 113}, "ExecutionPlan._infer_dependencies": {"executed_lines": [144, 147, 149, 150, 153, 154, 155, 157, 158, 160], "summary": {"covered_lines": 10, "num_statements": 10, "percent_covered": 100.0, "percent_covered_display": "100", "missing_lines": 0, "excluded_lines": 0, "percent_statements_covered": 100.0, "percent_statements_covered_display": "100"}, "missing_lines": [], "excluded_lines": [], "start_line": 130}, "ExecutionPlan._get_best_provider": {"executed_lines": [178, 182, 183, 187, 196], "summary": {"covered_lines": 5, "num_statements": 5, "percent_covered": 100.0, "percent_covered_display": "100", "missing_lines": 0, "excluded_lines": 0, "percent_statements_covered": 100.0, "percent_statements_covered_display": "100"}, "missing_lines": [], "excluded_lines": [], "start_line": 162}, "ExecutionPlan.should_run_connector": {"executed_lines": [221, 226, 227, 230, 231, 234, 235, 238, 240, 243, 244, 247, 248, 251], "summary": {"covered_lines": 14, "num_statements": 14, "percent_covered": 100.0, "percent_covered_display": "100", "missing_lines": 0, "excluded_lines": 0, "percent_statements_covered": 100.0, "percent_statements_covered_display": "100"}, "missing_lines": [], "excluded_lines": [], "start_line": 198}, "": {"executed_lines": [15, 16, 17, 23, 35, 36, 37, 40, 41, 64, 65, 66, 67, 68, 69, 70, 73, 74, 87, 88, 91, 109, 113, 130, 162, 198], "summary": {"covered_lines": 26, "num_statements": 26, "percent_covered": 100.0, "percent_covered_display": "100", "missing_lines": 0, "excluded_lines": 2, "percent_statements_covered": 100.0, "percent_statements_covered_display": "100"}, "missing_lines": [], "excluded_lines": [19, 20], "start_line": 1}}, "classes": {"ExecutionPhase": {"executed_lines": [], "summary": {"covered_lines": 0, "num_statements": 0, "percent_covered": 100.0, "percent_covered_display": "100", "missing_lines": 0, "excluded_lines": 0, "percent_statements_covered": 100.0, "percent_statements_covered_display": "100"}, "missing_lines": [], "excluded_lines": [], "start_line": 23}, "ConnectorSpec": {"executed_lines": [], "summary": {"covered_lines": 0, "num_statements": 0, "percent_covered": 100.0, "percent_covered_display": "100", "missing_lines": 0, "excluded_lines": 0, "percent_statements_covered": 100.0, "percent_statements_covered_display": "100"}, "missing_lines": [], "excluded_lines": [], "start_line": 41}, "ConnectorNode": {"executed_lines": [], "summary": {"covered_lines": 0, "num_statements": 0, "percent_covered": 100.0, "percent_covered_display": "100", "missing_lines": 0, "excluded_lines": 0, "percent_statements_covered": 100.0, "percent_statements_covered_display": "100"}, "missing_lines": [], "excluded_lines": [], "start_line": 74}, "ExecutionPlan": {"executed_lines": [111, 124, 127, 128, 144, 147, 149, 150, 153, 154, 155, 157, 158, 160, 178, 182, 183, 187, 196, 221, 226, 227, 230, 231, 234, 235, 238, 240, 243, 244, 247, 248, 251], "summary": {"covered_lines": 33, "num_statements": 33, "percent_covered": 100.0, "percent_covered_display": "100", "missing_lines": 0, "excluded_lines": 0, "percent_statements_covered": 100.0, "percent_statements_covered_display": "100"}, "missing_lines": [], "excluded_lines": [], "start_line": 91}, "": {"executed_lines": [15, 16, 17, 23, 35, 36, 37, 40, 41, 64, 65, 66, 67, 68, 69, 70, 73, 74, 87, 88, 91, 109, 113, 130, 162, 198], "summary": {"covered_lines": 26, "num_statements": 26, "percent_covered": 100.0, "percent_covered_display": "100", "missing_lines": 0, "excluded_lines": 2, "percent_statements_covered": 100.0, "percent_statements_covered_display": "100"}, "missing_lines": [], "excluded_lines": [19, 20], "start_line": 1}}}, "engine\\orchestration\\execution_plan_test.py": {"executed_lines": [8, 9, 15, 18, 21, 23, 32, 34, 35, 36, 37, 38, 40, 42, 51, 53, 56, 59, 61, 70, 71, 72, 73, 74, 75, 77, 79, 88, 91, 94, 96, 98, 100, 102, 104, 113, 115, 116, 117, 119, 121, 124, 132, 135, 143, 145, 147, 148, 150, 152, 155, 163, 166, 174, 177, 178, 180, 182, 185, 193, 196, 204, 207, 215, 218, 219, 220, 222, 224, 227, 235, 238, 246, 249, 250, 253, 256, 258, 259, 260, 262, 265, 266, 269, 272, 274, 276, 284, 286, 287, 289, 291, 294, 302, 305, 313, 315, 316, 317, 319, 321, 324, 332, 335, 343, 345, 346, 347, 349, 351, 354, 362, 365, 373, 375, 376, 377, 379, 381, 384, 392, 395, 403, 406, 407, 409, 411, 414, 422, 424, 425, 427, 429, 431, 439, 442, 443, 444, 446, 447, 448, 451, 454, 456, 457, 460, 468, 471, 473, 475, 476, 478, 486, 489, 491, 493, 494, 496, 504, 507, 509, 511, 512, 513, 515, 523, 526, 528, 530, 531, 532, 534, 542, 545, 547, 549, 550, 552, 554, 562, 565, 567, 569, 570, 573, 581, 584, 586, 588, 589, 591, 593, 601, 604, 606, 608, 609, 611, 623, 626, 628, 630, 631, 635, 643, 646], "summary": {"covered_lines": 206, "num_statements": 206, "percent_covered": 100.0, "percent_covered_display": "100", "missing_lines": 0, "excluded_lines": 0, "percent_statements_covered": 100.0, "percent_statements_covered_display": "100"}, "missing_lines": [], "excluded_lines": [], "functions": {"TestConnectorNode.test_connector_node_creation": {"executed_lines": [23, 32, 34, 35, 36, 37, 38], "summary": {"covered_lines": 7, "num_statements": 7, "percent_covered": 100.0, "percent_covered_display": "100", "missing_lines": 0, "excluded_lines": 0, "percent_statements_covered": 100.0, "percent_statements_covered_display": "100"}, "missing_lines": [], "excluded_lines": [], "start_line": 21}, "TestConnectorNode.test_connector_node_with_dependencies": {"executed_lines": [42, 51, 53], "summary": {"covered_lines": 3, "num_statements": 3, "percent_covered": 100.0, "percent_covered_display": "100", "missing_lines": 0, "excluded_lines": 0, "percent_statements_covered": 100.0, "percent_statements_covered_display": "100"}, "missing_lines": [], "excluded_lines": [], "start_line": 40}, "TestConnectorSpec.test_connector_spec_required_fields": {"executed_lines": [61, 70, 71, 72, 73, 74, 75], "summary": {"covered_lines": 7, "num_statements": 7, "percent_covered": 100.0, "percent_covered_display": "100", "missing_lines": 0, "excluded_lines": 0, "percent_statements_covered": 100.0, "percent_statements_covered_display": "100"}, "missing_lines": [], "excluded_lines": [], "start_line": 59}, "TestConnectorSpec.test_connector_spec_empty_requires": {"executed_lines": [79, 88], "summary": {"covered_lines": 2, "num_statements": 2, "percent_covered": 100.0, "percent_covered_display": "100", "missing_lines": 0, "excluded_lines": 0, "percent_statements_covered": 100.0, "percent_statements_covered_display": "100"}, "missing_lines": [], "excluded_lines": [], "start_line": 77}, "TestExecutionPlan.test_execution_plan_initialization": {"executed_lines": [96, 98], "summary": {"covered_lines": 2, "num_statements": 2, "percent_covered": 100.0, "percent_covered_display": "100", "missing_lines": 0, "excluded_lines": 0, "percent_statements_covered": 100.0, "percent_statements_covered_display": "100"}, "missing_lines": [], "excluded_lines": [], "start_line": 94}, "TestExecutionPlan.test_add_connector_simple": {"executed_lines": [102, 104, 113, 115, 116, 117], "summary": {"covered_lines": 6, "num_statements": 6, "percent_covered": 100.0, "percent_covered_display": "100", "missing_lines": 0, "excluded_lines": 0, "percent_statements_covered": 100.0, "percent_statements_covered_display": "100"}, "missing_lines": [], "excluded_lines": [], "start_line": 100}, "TestExecutionPlan.test_add_connector_with_context_dependency": {"executed_lines": [121, 124, 132, 135, 143, 145, 147, 148], "summary": {"covered_lines": 8, "num_statements": 8, "percent_covered": 100.0, "percent_covered_display": "100", "missing_lines": 0, "excluded_lines": 0, "percent_statements_covered": 100.0, "percent_statements_covered_display": "100"}, "missing_lines": [], "excluded_lines": [], "start_line": 119}, "TestExecutionPlan.test_add_connector_ignores_non_context_dependencies": {"executed_lines": [152, 155, 163, 166, 174, 177, 178], "summary": {"covered_lines": 7, "num_statements": 7, "percent_covered": 100.0, "percent_covered_display": "100", "missing_lines": 0, "excluded_lines": 0, "percent_statements_covered": 100.0, "percent_statements_covered_display": "100"}, "missing_lines": [], "excluded_lines": [], "start_line": 150}, "TestExecutionPlan.test_add_connector_multiple_context_dependencies": {"executed_lines": [182, 185, 193, 196, 204, 207, 215, 218, 219, 220], "summary": {"covered_lines": 10, "num_statements": 10, "percent_covered": 100.0, "percent_covered_display": "100", "missing_lines": 0, "excluded_lines": 0, "percent_statements_covered": 100.0, "percent_statements_covered_display": "100"}, "missing_lines": [], "excluded_lines": [], "start_line": 180}, "TestExecutionPlan.test_add_connector_no_duplicate_dependencies": {"executed_lines": [224, 227, 235, 238, 246, 249, 250], "summary": {"covered_lines": 7, "num_statements": 7, "percent_covered": 100.0, "percent_covered_display": "100", "missing_lines": 0, "excluded_lines": 0, "percent_statements_covered": 100.0, "percent_statements_covered_display": "100"}, "missing_lines": [], "excluded_lines": [], "start_line": 222}, "TestExecutionPhase.test_execution_phases_defined": {"executed_lines": [258, 259, 260], "summary": {"covered_lines": 3, "num_statements": 3, "percent_covered": 100.0, "percent_covered_display": "100", "missing_lines": 0, "excluded_lines": 0, "percent_statements_covered": 100.0, "percent_statements_covered_display": "100"}, "missing_lines": [], "excluded_lines": [], "start_line": 256}, "TestExecutionPhase.test_phase_order": {"executed_lines": [265, 266], "summary": {"covered_lines": 2, "num_statements": 2, "percent_covered": 100.0, "percent_covered_display": "100", "missing_lines": 0, "excluded_lines": 0, "percent_statements_covered": 100.0, "percent_statements_covered_display": "100"}, "missing_lines": [], "excluded_lines": [], "start_line": 262}, "TestProviderSelection.test_get_best_provider_single_provider": {"executed_lines": [274, 276, 284, 286, 287], "summary": {"covered_lines": 5, "num_statements": 5, "percent_covered": 100.0, "percent_covered_display": "100", "missing_lines": 0, "excluded_lines": 0, "percent_statements_covered": 100.0, "percent_statements_covered_display": "100"}, "missing_lines": [], "excluded_lines": [], "start_line": 272}, "TestProviderSelection.test_get_best_provider_higher_trust_wins": {"executed_lines": [291, 294, 302, 305, 313, 315, 316, 317], "summary": {"covered_lines": 8, "num_statements": 8, "percent_covered": 100.0, "percent_covered_display": "100", "missing_lines": 0, "excluded_lines": 0, "percent_statements_covered": 100.0, "percent_statements_covered_display": "100"}, "missing_lines": [], "excluded_lines": [], "start_line": 289}, "TestProviderSelection.test_get_best_provider_earlier_phase_wins_tie": {"executed_lines": [321, 324, 332, 335, 343, 345, 346, 347], "summary": {"covered_lines": 8, "num_statements": 8, "percent_covered": 100.0, "percent_covered_display": "100", "missing_lines": 0, "excluded_lines": 0, "percent_statements_covered": 100.0, "percent_statements_covered_display": "100"}, "missing_lines": [], "excluded_lines": [], "start_line": 319}, "TestProviderSelection.test_get_best_provider_trust_beats_phase": {"executed_lines": [351, 354, 362, 365, 373, 375, 376, 377], "summary": {"covered_lines": 8, "num_statements": 8, "percent_covered": 100.0, "percent_covered_display": "100", "missing_lines": 0, "excluded_lines": 0, "percent_statements_covered": 100.0, "percent_statements_covered_display": "100"}, "missing_lines": [], "excluded_lines": [], "start_line": 349}, "TestProviderSelection.test_get_best_provider_same_trust_and_phase_deterministic": {"executed_lines": [381, 384, 392, 395, 403, 406, 407], "summary": {"covered_lines": 7, "num_statements": 7, "percent_covered": 100.0, "percent_covered_display": "100", "missing_lines": 0, "excluded_lines": 0, "percent_statements_covered": 100.0, "percent_statements_covered_display": "100"}, "missing_lines": [], "excluded_lines": [], "start_line": 379}, "TestProviderSelection.test_get_best_provider_no_provider_returns_none": {"executed_lines": [411, 414, 422, 424, 425], "summary": {"covered_lines": 5, "num_statements": 5, "percent_covered": 100.0, "percent_covered_display": "100", "missing_lines": 0, "excluded_lines": 0, "percent_statements_covered": 100.0, "percent_statements_covered_display": "100"}, "missing_lines": [], "excluded_lines": [], "start_line": 409}, "TestProviderSelection.test_get_best_provider_multiple_provides_from_same_connector": {"executed_lines": [429, 431, 439, 442, 443, 444, 446, 447, 448], "summary": {"covered_lines": 9, "num_statements": 9, "percent_covered": 100.0, "percent_covered_display": "100", "missing_lines": 0, "excluded_lines": 0, "percent_statements_covered": 100.0, "percent_statements_covered_display": "100"}, "missing_lines": [], "excluded_lines": [], "start_line": 427}, "TestAggregateGating.test_non_context_dependent_connector_always_runs": {"executed_lines": [456, 457, 460, 468, 471], "summary": {"covered_lines": 5, "num_statements": 5, "percent_covered": 100.0, "percent_covered_display": "100", "missing_lines": 0, "excluded_lines": 0, "percent_statements_covered": 100.0, "percent_statements_covered_display": "100"}, "missing_lines": [], "excluded_lines": [], "start_line": 454}, "TestAggregateGating.test_context_dependent_with_query_only_support_runs": {"executed_lines": [475, 476, 478, 486, 489], "summary": {"covered_lines": 5, "num_statements": 5, "percent_covered": 100.0, "percent_covered_display": "100", "missing_lines": 0, "excluded_lines": 0, "percent_statements_covered": 100.0, "percent_statements_covered_display": "100"}, "missing_lines": [], "excluded_lines": [], "start_line": 473}, "TestAggregateGating.test_context_dependent_skips_when_all_conditions_met": {"executed_lines": [493, 494, 496, 504, 507], "summary": {"covered_lines": 5, "num_statements": 5, "percent_covered": 100.0, "percent_covered_display": "100", "missing_lines": 0, "excluded_lines": 0, "percent_statements_covered": 100.0, "percent_statements_covered_display": "100"}, "missing_lines": [], "excluded_lines": [], "start_line": 491}, "TestAggregateGating.test_context_dependent_runs_when_candidates_not_empty": {"executed_lines": [511, 512, 513, 515, 523, 526], "summary": {"covered_lines": 6, "num_statements": 6, "percent_covered": 100.0, "percent_covered_display": "100", "missing_lines": 0, "excluded_lines": 0, "percent_statements_covered": 100.0, "percent_statements_covered_display": "100"}, "missing_lines": [], "excluded_lines": [], "start_line": 509}, "TestAggregateGating.test_context_dependent_runs_when_accepted_entities_not_empty": {"executed_lines": [530, 531, 532, 534, 542, 545], "summary": {"covered_lines": 6, "num_statements": 6, "percent_covered": 100.0, "percent_covered_display": "100", "missing_lines": 0, "excluded_lines": 0, "percent_statements_covered": 100.0, "percent_statements_covered_display": "100"}, "missing_lines": [], "excluded_lines": [], "start_line": 528}, "TestAggregateGating.test_context_dependent_runs_when_required_context_key_present": {"executed_lines": [549, 550, 552, 554, 562, 565], "summary": {"covered_lines": 6, "num_statements": 6, "percent_covered": 100.0, "percent_covered_display": "100", "missing_lines": 0, "excluded_lines": 0, "percent_statements_covered": 100.0, "percent_statements_covered_display": "100"}, "missing_lines": [], "excluded_lines": [], "start_line": 547}, "TestAggregateGating.test_context_dependent_skips_when_required_context_key_missing": {"executed_lines": [569, 570, 573, 581, 584], "summary": {"covered_lines": 5, "num_statements": 5, "percent_covered": 100.0, "percent_covered_display": "100", "missing_lines": 0, "excluded_lines": 0, "percent_statements_covered": 100.0, "percent_statements_covered_display": "100"}, "missing_lines": [], "excluded_lines": [], "start_line": 567}, "TestAggregateGating.test_context_dependent_with_multiple_context_keys_runs_if_any_present": {"executed_lines": [588, 589, 591, 593, 601, 604], "summary": {"covered_lines": 6, "num_statements": 6, "percent_covered": 100.0, "percent_covered_display": "100", "missing_lines": 0, "excluded_lines": 0, "percent_statements_covered": 100.0, "percent_statements_covered_display": "100"}, "missing_lines": [], "excluded_lines": [], "start_line": 586}, "TestAggregateGating.test_context_dependent_mixed_requirements_only_checks_context_keys": {"executed_lines": [608, 609, 611, 623, 626], "summary": {"covered_lines": 5, "num_statements": 5, "percent_covered": 100.0, "percent_covered_display": "100", "missing_lines": 0, "excluded_lines": 0, "percent_statements_covered": 100.0, "percent_statements_covered_display": "100"}, "missing_lines": [], "excluded_lines": [], "start_line": 606}, "TestAggregateGating.test_both_candidates_and_accepted_entities_empty_skips": {"executed_lines": [630, 631, 635, 643, 646], "summary": {"covered_lines": 5, "num_statements": 5, "percent_covered": 100.0, "percent_covered_display": "100", "missing_lines": 0, "excluded_lines": 0, "percent_statements_covered": 100.0, "percent_statements_covered_display": "100"}, "missing_lines": [], "excluded_lines": [], "start_line": 628}, "": {"executed_lines": [8, 9, 15, 18, 21, 40, 56, 59, 77, 91, 94, 100, 119, 150, 180, 222, 253, 256, 262, 269, 272, 289, 319, 349, 379, 409, 427, 451, 454, 473, 491, 509, 528, 547, 567, 586, 606, 628], "summary": {"covered_lines": 38, "num_statements": 38, "percent_covered": 100.0, "percent_covered_display": "100", "missing_lines": 0, "excluded_lines": 0, "percent_statements_covered": 100.0, "percent_statements_covered_display": "100"}, "missing_lines": [], "excluded_lines": [], "start_line": 1}}, "classes": {"TestConnectorNode": {"executed_lines": [23, 32, 34, 35, 36, 37, 38, 42, 51, 53], "summary": {"covered_lines": 10, "num_statements": 10, "percent_covered": 100.0, "percent_covered_display": "100", "missing_lines": 0, "excluded_lines": 0, "percent_statements_covered": 100.0, "percent_statements_covered_display": "100"}, "missing_lines": [], "excluded_lines": [], "start_line": 18}, "TestConnectorSpec": {"executed_lines": [61, 70, 71, 72, 73, 74, 75, 79, 88], "summary": {"covered_lines": 9, "num_statements": 9, "percent_covered": 100.0, "percent_covered_display": "100", "missing_lines": 0, "excluded_lines": 0, "percent_statements_covered": 100.0, "percent_statements_covered_display": "100"}, "missing_lines": [], "excluded_lines": [], "start_line": 56}, "TestExecutionPlan": {"executed_lines": [96, 98, 102, 104, 113, 115, 116, 117, 121, 124, 132, 135, 143, 145, 147, 148, 152, 155, 163, 166, 174, 177, 178, 182, 185, 193, 196, 204, 207, 215, 218, 219, 220, 224, 227, 235, 238, 246, 249, 250], "summary": {"covered_lines": 40, "num_statements": 40, "percent_covered": 100.0, "percent_covered_display": "100", "missing_lines": 0, "excluded_lines": 0, "percent_statements_covered": 100.0, "percent_statements_covered_display": "100"}, "missing_lines": [], "excluded_lines": [], "start_line": 91}, "TestExecutionPhase": {"executed_lines": [258, 259, 260, 265, 266], "summary": {"covered_lines": 5, "num_statements": 5, "percent_covered": 100.0, "percent_covered_display": "100", "missing_lines": 0, "excluded_lines": 0, "percent_statements_covered": 100.0, "percent_statements_covered_display": "100"}, "missing_lines": [], "excluded_lines": [], "start_line": 253}, "TestProviderSelection": {"executed_lines": [274, 276, 284, 286, 287, 291, 294, 302, 305, 313, 315, 316, 317, 321, 324, 332, 335, 343, 345, 346, 347, 351, 354, 362, 365, 373, 375, 376, 377, 381, 384, 392, 395, 403, 406, 407, 411, 414, 422, 424, 425, 429, 431, 439, 442, 443, 444, 446, 447, 448], "summary": {"covered_lines": 50, "num_statements": 50, "percent_covered": 100.0, "percent_covered_display": "100", "missing_lines": 0, "excluded_lines": 0, "percent_statements_covered": 100.0, "percent_statements_covered_display": "100"}, "missing_lines": [], "excluded_lines": [], "start_line": 269}, "TestAggregateGating": {"executed_lines": [456, 457, 460, 468, 471, 475, 476, 478, 486, 489, 493, 494, 496, 504, 507, 511, 512, 513, 515, 523, 526, 530, 531, 532, 534, 542, 545, 549, 550, 552, 554, 562, 565, 569, 570, 573, 581, 584, 588, 589, 591, 593, 601, 604, 608, 609, 611, 623, 626, 630, 631, 635, 643, 646], "summary": {"covered_lines": 54, "num_statements": 54, "percent_covered": 100.0, "percent_covered_display": "100", "missing_lines": 0, "excluded_lines": 0, "percent_statements_covered": 100.0, "percent_statements_covered_display": "100"}, "missing_lines": [], "excluded_lines": [], "start_line": 451}, "": {"executed_lines": [8, 9, 15, 18, 21, 40, 56, 59, 77, 91, 94, 100, 119, 150, 180, 222, 253, 256, 262, 269, 272, 289, 319, 349, 379, 409, 427, 451, 454, 473, 491, 509, 528, 547, 567, 586, 606, 628], "summary": {"covered_lines": 38, "num_statements": 38, "percent_covered": 100.0, "percent_covered_display": "100", "missing_lines": 0, "excluded_lines": 0, "percent_statements_covered": 100.0, "percent_statements_covered_display": "100"}, "missing_lines": [], "excluded_lines": [], "start_line": 1}}}, "engine\\orchestration\\orchestrator.py": {"executed_lines": [18, 19, 20, 22, 23, 28, 29, 32, 33, 43, 44, 45, 48, 66, 80, 81, 82, 84, 102, 104, 105, 106, 108, 111, 129, 137, 138, 140, 167, 170, 176, 177, 180, 183, 184, 186, 188, 214, 219, 222, 225, 227, 228, 234, 237, 240, 243, 246, 247, 250, 251, 254, 256, 263, 270, 272, 273, 281, 283, 295, 296, 297, 298, 299, 300, 302, 312, 313, 315, 338, 341, 343, 346, 351, 352, 355, 356, 360, 361, 363, 367, 370, 371, 373, 374, 377], "summary": {"covered_lines": 86, "num_statements": 89, "percent_covered": 96.62921348314607, "percent_covered_display": "97", "missing_lines": 3, "excluded_lines": 0, "percent_statements_covered": 96.62921348314607, "percent_statements_covered_display": "97"}, "missing_lines": [231, 265, 357], "excluded_lines": [], "functions": {"FakeConnector.__init__": {"executed_lines": [80, 81, 82], "summary": {"covered_lines": 3, "num_statements": 3, "percent_covered": 100.0, "percent_covered_display": "100", "missing_lines": 0, "excluded_lines": 0, "percent_statements_covered": 100.0, "percent_statements_covered_display": "100"}, "missing_lines": [], "excluded_lines": [], "start_line": 66}, "FakeConnector.execute": {"executed_lines": [102, 104, 105, 106, 108], "summary": {"covered_lines": 5, "num_statements": 5, "percent_covered": 100.0, "percent_covered_display": "100", "missing_lines": 0, "excluded_lines": 0, "percent_statements_covered": 100.0, "percent_statements_covered_display": "100"}, "missing_lines": [], "excluded_lines": [], "start_line": 84}, "Orchestrator.__init__": {"executed_lines": [137, 138], "summary": {"covered_lines": 2, "num_statements": 2, "percent_covered": 100.0, "percent_covered_display": "100", "missing_lines": 0, "excluded_lines": 0, "percent_statements_covered": 100.0, "percent_statements_covered_display": "100"}, "missing_lines": [], "excluded_lines": [], "start_line": 129}, "Orchestrator.execute": {"executed_lines": [167, 170, 176, 177, 180, 183, 184, 186], "summary": {"covered_lines": 8, "num_statements": 8, "percent_covered": 100.0, "percent_covered_display": "100", "missing_lines": 0, "excluded_lines": 0, "percent_statements_covered": 100.0, "percent_statements_covered_display": "100"}, "missing_lines": [], "excluded_lines": [], "start_line": 140}, "Orchestrator._execute_phase": {"executed_lines": [214, 219, 222, 225, 227, 228, 234, 237, 240, 243, 246, 247, 250, 251, 254, 256, 263, 270, 272, 273, 281], "summary": {"covered_lines": 21, "num_statements": 23, "percent_covered": 91.30434782608695, "percent_covered_display": "91", "missing_lines": 2, "excluded_lines": 0, "percent_statements_covered": 91.30434782608695, "percent_statements_covered_display": "91"}, "missing_lines": [231, 265], "excluded_lines": [], "start_line": 188}, "Orchestrator._capture_scalar_fields": {"executed_lines": [295, 296, 297, 298, 299, 300], "summary": {"covered_lines": 6, "num_statements": 6, "percent_covered": 100.0, "percent_covered_display": "100", "missing_lines": 0, "excluded_lines": 0, "percent_statements_covered": 100.0, "percent_statements_covered_display": "100"}, "missing_lines": [], "excluded_lines": [], "start_line": 283}, "Orchestrator._apply_scalar_updates": {"executed_lines": [312, 313], "summary": {"covered_lines": 2, "num_statements": 2, "percent_covered": 100.0, "percent_covered_display": "100", "missing_lines": 0, "excluded_lines": 0, "percent_statements_covered": 100.0, "percent_statements_covered_display": "100"}, "missing_lines": [], "excluded_lines": [], "start_line": 302}, "Orchestrator._should_continue_execution": {"executed_lines": [338, 341, 343, 346, 351, 352, 355, 356, 360, 361, 363, 367, 370, 371, 373, 374, 377], "summary": {"covered_lines": 17, "num_statements": 18, "percent_covered": 94.44444444444444, "percent_covered_display": "94", "missing_lines": 1, "excluded_lines": 0, "percent_statements_covered": 94.44444444444444, "percent_statements_covered_display": "94"}, "missing_lines": [357], "excluded_lines": [], "start_line": 315}, "": {"executed_lines": [18, 19, 20, 22, 23, 28, 29, 32, 33, 43, 44, 45, 48, 66, 84, 111, 129, 140, 188, 283, 302, 315], "summary": {"covered_lines": 22, "num_statements": 22, "percent_covered": 100.0, "percent_covered_display": "100", "missing_lines": 0, "excluded_lines": 0, "percent_statements_covered": 100.0, "percent_statements_covered_display": "100"}, "missing_lines": [], "excluded_lines": [], "start_line": 1}}, "classes": {"ScalarUpdate": {"executed_lines": [], "summary": {"covered_lines": 0, "num_statements": 0, "percent_covered": 100.0, "percent_covered_display": "100", "missing_lines": 0, "excluded_lines": 0, "percent_statements_covered": 100.0, "percent_statements_covered_display": "100"}, "missing_lines": [], "excluded_lines": [], "start_line": 33}, "FakeConnector": {"executed_lines": [80, 81, 82, 102, 104, 105, 106, 108], "summary": {"covered_lines": 8, "num_statements": 8, "percent_covered": 100.0, "percent_covered_display": "100", "missing_lines": 0, "excluded_lines": 0, "percent_statements_covered": 100.0, "percent_statements_covered_display": "100"}, "missing_lines": [], "excluded_lines": [], "start_line": 48}, "Orchestrator": {"executed_lines": [137, 138, 167, 170, 176, 177, 180, 183, 184, 186, 214, 219, 222, 225, 227, 228, 234, 237, 240, 243, 246, 247, 250, 251, 254, 256, 263, 270, 272, 273, 281, 295, 296, 297, 298, 299, 300, 312, 313, 338, 341, 343, 346, 351, 352, 355, 356, 360, 361, 363, 367, 370, 371, 373, 374, 377], "summary": {"covered_lines": 56, "num_statements": 59, "percent_covered": 94.91525423728814, "percent_covered_display": "95", "missing_lines": 3, "excluded_lines": 0, "percent_statements_covered": 94.91525423728814, "percent_statements_cove
[...]
_features.py": {"executed_lines": [12, 13, 19, 20, 36, 37, 39, 40, 55, 58, 59, 65, 68, 70, 75, 76, 97, 117, 125, 126, 129, 132, 133, 134, 137, 139, 140, 160, 170, 183, 184, 185, 188, 189, 190, 192], "summary": {"covered_lines": 36, "num_statements": 36, "percent_covered": 100.0, "percent_covered_display": "100", "missing_lines": 0, "excluded_lines": 2, "percent_statements_covered": 100.0, "percent_statements_covered_display": "100"}, "missing_lines": [], "excluded_lines": [15, 16], "functions": {"QueryFeatures.extract": {"executed_lines": [55, 58, 59, 65, 68, 70], "summary": {"covered_lines": 6, "num_statements": 6, "percent_covered": 100.0, "percent_covered_display": "100", "missing_lines": 0, "excluded_lines": 0, "percent_statements_covered": 100.0, "percent_statements_covered_display": "100"}, "missing_lines": [], "excluded_lines": [], "start_line": 40}, "QueryFeatures._detect_category_search": {"executed_lines": [97, 117, 125, 126, 129, 132, 133, 134, 137], "summary": {"covered_lines": 9, "num_statements": 9, "percent_covered": 100.0, "percent_covered_display": "100", "missing_lines": 0, "excluded_lines": 0, "percent_statements_covered": 100.0, "percent_statements_covered_display": "100"}, "missing_lines": [], "excluded_lines": [], "start_line": 76}, "QueryFeatures._detect_geo_intent": {"executed_lines": [160, 170, 183, 184, 185, 188, 189, 190, 192], "summary": {"covered_lines": 9, "num_statements": 9, "percent_covered": 100.0, "percent_covered_display": "100", "missing_lines": 0, "excluded_lines": 0, "percent_statements_covered": 100.0, "percent_statements_covered_display": "100"}, "missing_lines": [], "excluded_lines": [], "start_line": 140}, "": {"executed_lines": [12, 13, 19, 20, 36, 37, 39, 40, 75, 76, 139, 140], "summary": {"covered_lines": 12, "num_statements": 12, "percent_covered": 100.0, "percent_covered_display": "100", "missing_lines": 0, "excluded_lines": 2, "percent_statements_covered": 100.0, "percent_statements_covered_display": "100"}, "missing_lines": [], "excluded_lines": [15, 16], "start_line": 1}}, "classes": {"QueryFeatures": {"executed_lines": [55, 58, 59, 65, 68, 70, 97, 117, 125, 126, 129, 132, 133, 134, 137, 160, 170, 183, 184, 185, 188, 189, 190, 192], "summary": {"covered_lines": 24, "num_statements": 24, "percent_covered": 100.0, "percent_covered_display": "100", "missing_lines": 0, "excluded_lines": 0, "percent_statements_covered": 100.0, "percent_statements_covered_display": "100"}, "missing_lines": [], "excluded_lines": [], "start_line": 20}, "": {"executed_lines": [12, 13, 19, 20, 36, 37, 39, 40, 75, 76, 139, 140], "summary": {"covered_lines": 12, "num_statements": 12, "percent_covered": 100.0, "percent_covered_display": "100", "missing_lines": 0, "excluded_lines": 2, "percent_statements_covered": 100.0, "percent_statements_covered_display": "100"}, "missing_lines": [], "excluded_lines": [15, 16], "start_line": 1}}}, "engine\\orchestration\\query_features_test.py": {"executed_lines": [10, 11, 12, 13, 16, 19, 21, 25, 26, 28, 30, 33, 34, 36, 37, 39, 40, 42, 44, 47, 48, 50, 51, 53, 55, 58, 59, 61, 62, 64, 65, 67, 69, 71, 72, 74, 75, 77, 79, 81, 82, 84, 85, 86, 88, 90, 92, 93, 94, 96, 98, 100, 101, 102, 104, 106, 108, 109, 110, 112], "summary": {"covered_lines": 60, "num_statements": 60, "percent_covered": 100.0, "percent_covered_display": "100", "missing_lines": 0, "excluded_lines": 0, "percent_statements_covered": 100.0, "percent_statements_covered_display": "100"}, "missing_lines": [], "excluded_lines": [], "functions": {"TestQueryFeatures.test_query_features_is_frozen": {"executed_lines": [21, 25, 26], "summary": {"covered_lines": 3, "num_statements": 3, "percent_covered": 100.0, "percent_covered_display": "100", "missing_lines": 0, "excluded_lines": 0, "percent_statements_covered": 100.0, "percent_statements_covered_display": "100"}, "missing_lines": [], "excluded_lines": [], "start_line": 19}, "TestQueryFeatures.test_extract_category_search_signal": {"executed_lines": [30, 33, 34, 36, 37, 39, 40], "summary": {"covered_lines": 7, "num_statements": 7, "percent_covered": 100.0, "percent_covered_display": "100", "missing_lines": 0, "excluded_lines": 0, "percent_statements_covered": 100.0, "percent_statements_covered_display": "100"}, "missing_lines": [], "excluded_lines": [], "start_line": 28}, "TestQueryFeatures.test_extract_non_category_search_signal": {"executed_lines": [44, 47, 48, 50, 51], "summary": {"covered_lines": 5, "num_statements": 5, "percent_covered": 100.0, "percent_covered_display": "100", "missing_lines": 0, "excluded_lines": 0, "percent_statements_covered": 100.0, "percent_statements_covered_display": "100"}, "missing_lines": [], "excluded_lines": [], "start_line": 42}, "TestQueryFeatures.test_extract_geo_intent_signal": {"executed_lines": [55, 58, 59, 61, 62, 64, 65], "summary": {"covered_lines": 7, "num_statements": 7, "percent_covered": 100.0, "percent_covered_display": "100", "missing_lines": 0, "excluded_lines": 0, "percent_statements_covered": 100.0, "percent_statements_covered_display": "100"}, "missing_lines": [], "excluded_lines": [], "start_line": 53}, "TestQueryFeatures.test_extract_no_geo_intent_signal": {"executed_lines": [69, 71, 72, 74, 75], "summary": {"covered_lines": 5, "num_statements": 5, "percent_covered": 100.0, "percent_covered_display": "100", "missing_lines": 0, "excluded_lines": 0, "percent_statements_covered": 100.0, "percent_statements_covered_display": "100"}, "missing_lines": [], "excluded_lines": [], "start_line": 67}, "TestQueryFeatures.test_extract_is_deterministic": {"executed_lines": [79, 81, 82, 84, 85, 86], "summary": {"covered_lines": 6, "num_statements": 6, "percent_covered": 100.0, "percent_covered_display": "100", "missing_lines": 0, "excluded_lines": 0, "percent_statements_covered": 100.0, "percent_statements_covered_display": "100"}, "missing_lines": [], "excluded_lines": [], "start_line": 77}, "TestQueryFeatures.test_extract_handles_empty_query": {"executed_lines": [90, 92, 93, 94], "summary": {"covered_lines": 4, "num_statements": 4, "percent_covered": 100.0, "percent_covered_display": "100", "missing_lines": 0, "excluded_lines": 0, "percent_statements_covered": 100.0, "percent_statements_covered_display": "100"}, "missing_lines": [], "excluded_lines": [], "start_line": 88}, "TestQueryFeatures.test_extract_handles_whitespace_only_query": {"executed_lines": [98, 100, 101, 102], "summary": {"covered_lines": 4, "num_statements": 4, "percent_covered": 100.0, "percent_covered_display": "100", "missing_lines": 0, "excluded_lines": 0, "percent_statements_covered": 100.0, "percent_statements_covered_display": "100"}, "missing_lines": [], "excluded_lines": [], "start_line": 96}, "TestQueryFeatures.test_extract_is_case_insensitive": {"executed_lines": [106, 108, 109, 110, 112], "summary": {"covered_lines": 5, "num_statements": 5, "percent_covered": 100.0, "percent_covered_display": "100", "missing_lines": 0, "excluded_lines": 0, "percent_statements_covered": 100.0, "percent_statements_covered_display": "100"}, "missing_lines": [], "excluded_lines": [], "start_line": 104}, "": {"executed_lines": [10, 11, 12, 13, 16, 19, 28, 42, 53, 67, 77, 88, 96, 104], "summary": {"covered_lines": 14, "num_statements": 14, "percent_covered": 100.0, "percent_covered_display": "100", "missing_lines": 0, "excluded_lines": 0, "percent_statements_covered": 100.0, "percent_statements_covered_display": "100"}, "missing_lines": [], "excluded_lines": [], "start_line": 1}}, "classes": {"TestQueryFeatures": {"executed_lines": [21, 25, 26, 30, 33, 34, 36, 37, 39, 40, 44, 47, 48, 50, 51, 55, 58, 59, 61, 62, 64, 65, 69, 71, 72, 74, 75, 79, 81, 82, 84, 85, 86, 90, 92, 93, 94, 98, 100, 101, 102, 106, 108, 109, 110, 112], "summary": {"covered_lines": 46, "num_statements": 46, "percent_covered": 100.0, "percent_covered_display": "100", "missing_lines": 0, "excluded_lines": 0, "percent_statements_covered": 100.0, "percent_statements_covered_display": "100"}, "missing_lines": [], "excluded_lines": [], "start_line": 16}, "": {"executed_lines": [10, 11, 12, 13, 16, 19, 28, 42, 53, 67, 77, 88, 96, 104], "summary": {"covered_lines": 14, "num_statements": 14, "percent_covered": 100.0, "percent_covered_display": "100", "missing_lines": 0, "excluded_lines": 0, "percent_statements_covered": 100.0, "percent_statements_covered_display": "100"}, "missing_lines": [], "excluded_lines": [], "start_line": 1}}}, "engine\\orchestration\\types.py": {"executed_lines": [14, 15, 16, 19, 27, 28, 31, 32, 44, 45, 48, 49, 60, 61, 64, 65, 80, 81, 82, 83], "summary": {"covered_lines": 20, "num_statements": 20, "percent_covered": 100.0, "percent_covered_display": "100", "missing_lines": 0, "excluded_lines": 0, "percent_statements_covered": 100.0, "percent_statements_covered_display": "100"}, "missing_lines": [], "excluded_lines": [], "functions": {"": {"executed_lines": [14, 15, 16, 19, 27, 28, 31, 32, 44, 45, 48, 49, 60, 61, 64, 65, 80, 81, 82, 83], "summary": {"covered_lines": 20, "num_statements": 20, "percent_covered": 100.0, "percent_covered_display": "100", "missing_lines": 0, "excluded_lines": 0, "percent_statements_covered": 100.0, "percent_statements_covered_display": "100"}, "missing_lines": [], "excluded_lines": [], "start_line": 1}}, "classes": {"IngestionMode": {"executed_lines": [], "summary": {"covered_lines": 0, "num_statements": 0, "percent_covered": 100.0, "percent_covered_display": "100", "missing_lines": 0, "excluded_lines": 0, "percent_statements_covered": 100.0, "percent_statements_covered_display": "100"}, "missing_lines": [], "excluded_lines": [], "start_line": 19}, "GeoPoint": {"executed_lines": [], "summary": {"covered_lines": 0, "num_statements": 0, "percent_covered": 100.0, "percent_covered_display": "100", "missing_lines": 0, "excluded_lines": 0, "percent_statements_covered": 100.0, "percent_statements_covered_display": "100"}, "missing_lines": [], "excluded_lines": [], "start_line": 32}, "BoundingBox": {"executed_lines": [], "summary": {"covered_lines": 0, "num_statements": 0, "percent_covered": 100.0, "percent_covered_display": "100", "missing_lines": 0, "excluded_lines": 0, "percent_statements_covered": 100.0, "percent_statements_covered_display": "100"}, "missing_lines": [], "excluded_lines": [], "start_line": 49}, "IngestRequest": {"executed_lines": [], "summary": {"covered_lines": 0, "num_statements": 0, "percent_covered": 100.0, "percent_covered_display": "100", "missing_lines": 0, "excluded_lines": 0, "percent_statements_covered": 100.0, "percent_statements_covered_display": "100"}, "missing_lines": [], "excluded_lines": [], "start_line": 65}, "": {"executed_lines": [14, 15, 16, 19, 27, 28, 31, 32, 44, 45, 48, 49, 60, 61, 64, 65, 80, 81, 82, 83], "summary": {"covered_lines": 20, "num_statements": 20, "percent_covered": 100.0, "percent_covered_display": "100", "missing_lines": 0, "excluded_lines": 0, "percent_statements_covered": 100.0, "percent_statements_covered_display": "100"}, "missing_lines": [], "excluded_lines": [], "start_line": 1}}}, "engine\\orchestration\\types_test.py": {"executed_lines": [10, 11, 12, 20, 23, 25, 27, 29, 31, 33, 36, 39, 41, 42, 43, 45, 47, 48, 49, 51, 53, 54, 55, 57, 59, 60, 61, 64, 67, 69, 70, 71, 72, 73, 75, 77, 78, 79, 80, 81, 84, 87, 89, 90, 91, 92, 94, 96, 101, 102, 103, 105, 107, 108, 109, 111, 113, 114, 115, 117, 119, 123, 125, 127, 131], "summary": {"covered_lines": 65, "num_statements": 65, "percent_covered": 100.0, "percent_covered_display": "100", "missing_lines": 0, "excluded_lines": 0, "percent_statements_covered": 100.0, "percent_statements_covered_display": "100"}, "missing_lines": [], "excluded_lines": [], "functions": {"TestIngestionMode.test_has_resolve_one": {"executed_lines": [25], "summary": {"covered_lines": 1, "num_statements": 1, "percent_covered": 100.0, "percent_covered_display": "100", "missing_lines": 0, "excluded_lines": 0, "percent_statements_covered": 100.0, "percent_statements_covered_display": "100"}, "missing_lines": [], "excluded_lines": [], "start_line": 23}, "TestIngestionMode.test_has_discover_many": {"executed_lines": [29], "summary": {"covered_lines": 1, "num_statements": 1, "percent_covered": 100.0, "percent_covered_display": "100", "missing_lines": 0, "excluded_lines": 0, "percent_statements_covered": 100.0, "percent_statements_covered_display": "100"}, "missing_lines": [], "excluded_lines": [], "start_line": 27}, "TestIngestionMode.test_enum_values_are_unique": {"executed_lines": [33], "summary": {"covered_lines": 1, "num_statements": 1, "percent_covered": 100.0, "percent_covered_display": "100", "missing_lines": 0, "excluded_lines": 0, "percent_statements_covered": 100.0, "percent_statements_covered_display": "100"}, "missing_lines": [], "excluded_lines": [], "start_line": 31}, "TestGeoPoint.test_create_geo_point": {"executed_lines": [41, 42, 43], "summary": {"covered_lines": 3, "num_statements": 3, "percent_covered": 100.0, "percent_covered_display": "100", "missing_lines": 0, "excluded_lines": 0, "percent_statements_covered": 100.0, "percent_statements_covered_display": "100"}, "missing_lines": [], "excluded_lines": [], "start_line": 39}, "TestGeoPoint.test_geo_point_is_frozen": {"executed_lines": [47, 48, 49], "summary": {"covered_lines": 3, "num_statements": 3, "percent_covered": 100.0, "percent_covered_display": "100", "missing_lines": 0, "excluded_lines": 0, "percent_statements_covered": 100.0, "percent_statements_covered_display": "100"}, "missing_lines": [], "excluded_lines": [], "start_line": 45}, "TestGeoPoint.test_geo_point_handles_zero": {"executed_lines": [53, 54, 55], "summary": {"covered_lines": 3, "num_statements": 3, "percent_covered": 100.0, "percent_covered_display": "100", "missing_lines": 0, "excluded_lines": 0, "percent_statements_covered": 100.0, "percent_statements_covered_display": "100"}, "missing_lines": [], "excluded_lines": [], "start_line": 51}, "TestGeoPoint.test_geo_point_equality": {"executed_lines": [59, 60, 61], "summary": {"covered_lines": 3, "num_statements": 3, "percent_covered": 100.0, "percent_covered_display": "100", "missing_lines": 0, "excluded_lines": 0, "percent_statements_covered": 100.0, "percent_statements_covered_display": "100"}, "missing_lines": [], "excluded_lines": [], "start_line": 57}, "TestBoundingBox.test_create_bounding_box": {"executed_lines": [69, 70, 71, 72, 73], "summary": {"covered_lines": 5, "num_statements": 5, "percent_covered": 100.0, "percent_covered_display": "100", "missing_lines": 0, "excluded_lines": 0, "percent_statements_covered": 100.0, "percent_statements_covered_display": "100"}, "missing_lines": [], "excluded_lines": [], "start_line": 67}, "TestBoundingBox.test_bounding_box_is_frozen": {"executed_lines": [77, 78, 79, 80, 81], "summary": {"covered_lines": 5, "num_statements": 5, "percent_covered": 100.0, "percent_covered_display": "100", "missing_lines": 0, "excluded_lines": 0, "percent_statements_covered": 100.0, "percent_statements_covered_display": "100"}, "missing_lines": [], "excluded_lines": [], "start_line": 75}, "TestIngestRequest.test_create_minimal_request": {"executed_lines": [89, 90, 91, 92], "summary": {"covered_lines": 4, "num_statements": 4, "percent_covered": 100.0, "percent_covered_display": "100", "missing_lines": 0, "excluded_lines": 0, "percent_statements_covered": 100.0, "percent_statements_covered_display": "100"}, "missing_lines": [], "excluded_lines": [], "start_line": 87}, "TestIngestRequest.test_create_full_request": {"executed_lines": [96, 101, 102, 103], "summary": {"covered_lines": 4, "num_statements": 4, "percent_covered": 100.0, "percent_covered_display": "100", "missing_lines": 0, "excluded_lines": 0, "percent_statements_covered": 100.0, "percent_statements_covered_display": "100"}, "missing_lines": [], "excluded_lines": [], "start_line": 94}, "TestIngestRequest.test_ingest_request_is_frozen": {"executed_lines": [107, 108, 109], "summary": {"covered_lines": 3, "num_statements": 3, "percent_covered": 100.0, "percent_covered_display": "100", "missing_lines": 0, "excluded_lines": 0, "percent_statements_covered": 100.0, "percent_statements_covered_display": "100"}, "missing_lines": [], "excluded_lines": [], "start_line": 105}, "TestIngestRequest.test_optional_fields_default_to_none": {"executed_lines": [113, 114, 115], "summary": {"covered_lines": 3, "num_statements": 3, "percent_covered": 100.0, "percent_covered_display": "100", "missing_lines": 0, "excluded_lines": 0, "percent_statements_covered": 100.0, "percent_statements_covered_display": "100"}, "missing_lines": [], "excluded_lines": [], "start_line": 111}, "TestIngestRequest.test_target_entity_count_can_be_set": {"executed_lines": [119, 123], "summary": {"covered_lines": 2, "num_statements": 2, "percent_covered": 100.0, "percent_covered_display": "100", "missing_lines": 0, "excluded_lines": 0, "percent_statements_covered": 100.0, "percent_statements_covered_display": "100"}, "missing_lines": [], "excluded_lines": [], "start_line": 117}, "TestIngestRequest.test_min_confidence_can_be_set": {"executed_lines": [127, 131], "summary": {"covered_lines": 2, "num_statements": 2, "percent_covered": 100.0, "percent_covered_display": "100", "missing_lines": 0, "excluded_lines": 0, "percent_statements_covered": 100.0, "percent_statements_covered_display": "100"}, "missing_lines": [], "excluded_lines": [], "start_line": 125}, "": {"executed_lines": [10, 11, 12, 20, 23, 27, 31, 36, 39, 45, 51, 57, 64, 67, 75, 84, 87, 94, 105, 111, 117, 125], "summary": {"covered_lines": 22, "num_statements": 22, "percent_covered": 100.0, "percent_covered_display": "100", "missing_lines": 0, "excluded_lines": 0, "percent_statements_covered": 100.0, "percent_statements_covered_display": "100"}, "missing_lines": [], "excluded_lines": [], "start_line": 1}}, "classes": {"TestIngestionMode": {"executed_lines": [25, 29, 33], "summary": {"covered_lines": 3, "num_statements": 3, "percent_covered": 100.0, "percent_covered_display": "100", "missing_lines": 0, "excluded_lines": 0, "percent_statements_covered": 100.0, "percent_statements_covered_display": "100"}, "missing_lines": [], "excluded_lines": [], "start_line": 20}, "TestGeoPoint": {"executed_lines": [41, 42, 43, 47, 48, 49, 53, 54, 55, 59, 60, 61], "summary": {"covered_lines": 12, "num_statements": 12, "percent_covered": 100.0, "percent_covered_display": "100", "missing_lines": 0, "excluded_lines": 0, "percent_statements_covered": 100.0, "percent_statements_covered_display": "100"}, "missing_lines": [], "excluded_lines": [], "start_line": 36}, "TestBoundingBox": {"executed_lines": [69, 70, 71, 72, 73, 77, 78, 79, 80, 81], "summary": {"covered_lines": 10, "num_statements": 10, "percent_covered": 100.0, "percent_covered_display": "100", "missing_lines": 0, "excluded_lines": 0, "percent_statements_covered": 100.0, "percent_statements_covered_display": "100"}, "missing_lines": [], "excluded_lines": [], "start_line": 64}, "TestIngestRequest": {"executed_lines": [89, 90, 91, 92, 96, 101, 102, 103, 107, 108, 109, 113, 114, 115, 119, 123, 127, 131], "summary": {"covered_lines": 18, "num_statements": 18, "percent_covered": 100.0, "percent_covered_display": "100", "missing_lines": 0, "excluded_lines": 0, "percent_statements_covered": 100.0, "percent_statements_covered_display": "100"}, "missing_lines": [], "excluded_lines": [], "start_line": 84}, "": {"executed_lines": [10, 11, 12, 20, 23, 27, 31, 36, 39, 45, 51, 57, 64, 67, 75, 84, 87, 94, 105, 111, 117, 125], "summary": {"covered_lines": 22, "num_statements": 22, "percent_covered": 100.0, "percent_covered_display": "100", "missing_lines": 0, "excluded_lines": 0, "percent_statements_covered": 100.0, "percent_statements_covered_display": "100"}, "missing_lines": [], "excluded_lines": [], "start_line": 1}}}}, "totals": {"covered_lines": 1323, "num_statements": 1338, "percent_covered": 98.87892376681614, "percent_covered_display": "99", "missing_lines": 15, "excluded_lines": 7, "percent_statements_covered": 98.87892376681614, "percent_statements_covered_display": "99"}}